# JRE version: Java(TM) SE Runtime Environment (17.0.18+8) (build 17.0.18+8-LTS-264)
# Java VM: Java HotSpot(TM) 64-Bit Server VM (17.0.18+8-LTS-264, mixed mode, sharing, tiered, compressed oops, compressed class ptrs, g1 gc, windows-amd64)
GC Precious Log:
 CPUs: 12 total, 12 available
 Memory: 16091M
 Large Page Support: Disabled
 NUMA Support: Disabled
 Compressed Oops: Enabled (Zero based)
 Heap Region Size: 2M
 Heap Min Capacity: 8M
 Heap Initial Capacity: 252M
 Heap Max Capacity: 4024M
 Pre-touch: Disabled
 Parallel Workers: 10
 Concurrent Workers: 3
 Concurrent Refinement Workers: 10
 Periodic GC: Disabled
Heap:
 garbage-first heap   total 178176K, used 128553K [0x0000000704800000, 0x0000000800000000)
  region size 2048K, 21 young (43008K), 3 survivors (6144K)
 Metaspace       used 60462K, committed 60800K, reserved 1114112K
  class space    used 6780K, committed 6912K, reserved 1048576K
GC Heap History (20 events):
Event: 4.364 GC heap before
{Heap before GC invocations=14 (full 0):
 garbage-first heap   total 79872K, used 59392K [0x0000000704800000, 0x0000000800000000)
  region size 2048K, 9 young (18432K), 2 survivors (4096K)
 Metaspace       used 40442K, committed 40704K, reserved 1114112K
  class space    used 4826K, committed 4928K, reserved 1048576K
}
Event: 4.374 GC heap after
{Heap after GC invocations=15 (full 0):
 garbage-first heap   total 79872K, used 49581K [0x0000000704800000, 0x0000000800000000)
  region size 2048K, 2 young (4096K), 2 survivors (4096K)
 Metaspace       used 40442K, committed 40704K, reserved 1114112K
  class space    used 4826K, committed 4928K, reserved 1048576K
}
Event: 4.409 GC heap before
{Heap before GC invocations=15 (full 0):
 garbage-first heap   total 79872K, used 51629K [0x0000000704800000, 0x0000000800000000)
  region size 2048K, 3 young (6144K), 2 survivors (4096K)
 Metaspace       used 40502K, committed 40832K, reserved 1114112K
  class space    used 4831K, committed 4992K, reserved 1048576K
}
Event: 4.433 GC heap after
{Heap after GC invocations=16 (full 0):
 garbage-first heap   total 79872K, used 49517K [0x0000000704800000, 0x0000000800000000)
  region size 2048K, 1 young (2048K), 1 survivors (2048K)
 Metaspace       used 40502K, committed 40832K, reserved 1114112K
  class space    used 4831K, committed 4992K, reserved 1048576K
}
Event: 4.663 GC heap before
{Heap before GC invocations=16 (full 0):
 garbage-first heap   total 79872K, used 57709K [0x0000000704800000, 0x0000000800000000)
  region size 2048K, 6 young (12288K), 1 survivors (2048K)
 Metaspace       used 41798K, committed 42112K, reserved 1114112K
  class space    used 4964K, committed 5120K, reserved 1048576K
}
Event: 4.670 GC heap after
{Heap after GC invocations=17 (full 0):
 garbage-first heap   total 239616K, used 51200K [0x0000000704800000, 0x0000000800000000)
  region size 2048K, 1 young (2048K), 1 survivors (2048K)
 Metaspace       used 41798K, committed 42112K, reserved 1114112K
  class space    used 4964K, committed 5120K, reserved 1048576K
}
Event: 7.141 GC heap before
{Heap before GC invocations=18 (full 0):
 garbage-first heap   total 178176K, used 141312K [0x0000000704800000, 0x0000000800000000)
  region size 2048K, 46 young (94208K), 1 survivors (2048K)
 Metaspace       used 52016K, committed 52352K, reserved 1114112K
  class space    used 6082K, committed 6208K, reserved 1048576K
}
Event: 7.158 GC heap after
{Heap after GC invocations=19 (full 0):
 garbage-first heap   total 178176K, used 65955K [0x0000000704800000, 0x0000000800000000)
  region size 2048K, 7 young (14336K), 7 survivors (14336K)
 Metaspace       used 52016K, committed 52352K, reserved 1114112K
  class space    used 6082K, committed 6208K, reserved 1048576K
}
Event: 7.225 GC heap before
{Heap before GC invocations=19 (full 0):
 garbage-first heap   total 178176K, used 68003K [0x0000000704800000, 0x0000000800000000)
  region size 2048K, 8 young (16384K), 7 survivors (14336K)
 Metaspace       used 52140K, committed 52416K, reserved 1114112K
  class space    used 6091K, committed 6208K, reserved 1048576K
}
Event: 7.238 GC heap after
{Heap after GC invocations=20 (full 0):
 garbage-first heap   total 178176K, used 67794K [0x0000000704800000, 0x0000000800000000)
  region size 2048K, 1 young (2048K), 1 survivors (2048K)
 Metaspace       used 52140K, committed 52416K, reserved 1114112K
  class space    used 6091K, committed 6208K, reserved 1048576K
}
Event: 8.636 GC heap before
{Heap before GC invocations=20 (full 0):
 garbage-first heap   total 178176K, used 123090K [0x0000000704800000, 0x0000000800000000)
  region size 2048K, 28 young (57344K), 1 survivors (2048K)
 Metaspace       used 53634K, committed 53888K, reserved 1114112K
  class space    used 6160K, committed 6272K, reserved 1048576K
}
Event: 8.643 GC heap after
{Heap after GC invocations=21 (full 0):
 garbage-first heap   total 178176K, used 73904K [0x0000000704800000, 0x0000000800000000)
  region size 2048K, 4 young (8192K), 4 survivors (8192K)
 Metaspace       used 53634K, committed 53888K, reserved 1114112K
  class space    used 6160K, committed 6272K, reserved 1048576K
}
Event: 10.849 GC heap before
{Heap before GC invocations=21 (full 0):
 garbage-first heap   total 178176K, used 123056K [0x0000000704800000, 0x0000000800000000)
  region size 2048K, 29 young (59392K), 4 survivors (8192K)
 Metaspace       used 55139K, committed 55424K, reserved 1114112K
  class space    used 6341K, committed 6464K, reserved 1048576K
}
Event: 10.859 GC heap after
{Heap after GC invocations=22 (full 0):
 garbage-first heap   total 178176K, used 78634K [0x0000000704800000, 0x0000000800000000)
  region size 2048K, 3 young (6144K), 3 survivors (6144K)
 Metaspace       used 55139K, committed 55424K, reserved 1114112K
  class space    used 6341K, committed 6464K, reserved 1048576K
}
Event: 11.740 GC heap before
{Heap before GC invocations=22 (full 0):
 garbage-first heap   total 178176K, used 129834K [0x0000000704800000, 0x0000000800000000)
  region size 2048K, 28 young (57344K), 3 survivors (6144K)
 Metaspace       used 56564K, committed 56832K, reserved 1114112K
  class space    used 6473K, committed 6592K, reserved 1048576K
}
Event: 11.750 GC heap after
{Heap after GC invocations=23 (full 0):
 garbage-first heap   total 178176K, used 83853K [0x0000000704800000, 0x0000000800000000)
  region size 2048K, 3 young (6144K), 3 survivors (6144K)
 Metaspace       used 56564K, committed 56832K, reserved 1114112K
  class space    used 6473K, committed 6592K, reserved 1048576K
}
Event: 12.613 GC heap before
{Heap before GC invocations=23 (full 0):
 garbage-first heap   total 178176K, used 135053K [0x0000000704800000, 0x0000000800000000)
  region size 2048K, 28 young (57344K), 3 survivors (6144K)
 Metaspace       used 56969K, committed 57280K, reserved 1114112K
  class space    used 6502K, committed 6656K, reserved 1048576K
}
Event: 12.622 GC heap after
{Heap after GC invocations=24 (full 0):
 garbage-first heap   total 178176K, used 88362K [0x0000000704800000, 0x0000000800000000)
  region size 2048K, 3 young (6144K), 3 survivors (6144K)
 Metaspace       used 56969K, committed 57280K, reserved 1114112K
  class space    used 6502K, committed 6656K, reserved 1048576K
}
Event: 13.380 GC heap before
{Heap before GC invocations=24 (full 0):
 garbage-first heap   total 178176K, used 137514K [0x0000000704800000, 0x0000000800000000)
  region size 2048K, 27 young (55296K), 3 survivors (6144K)
 Metaspace       used 57150K, committed 57472K, reserved 1114112K
  class space    used 6510K, committed 6656K, reserved 1048576K
}
Event: 13.390 GC heap after
{Heap after GC invocations=25 (full 0):
 garbage-first heap   total 178176K, used 93737K [0x0000000704800000, 0x0000000800000000)
  region size 2048K, 3 young (6144K), 3 survivors (6144K)
 Metaspace       used 57150K, committed 57472K, reserved 1114112K
  class space    used 6510K, committed 6656K, reserved 1048576K
}

