# JRE version: Java(TM) SE Runtime Environment (17.0.18+8) (build 17.0.18+8-LTS-264)
# Java VM: Java HotSpot(TM) 64-Bit Server VM (17.0.18+8-LTS-264, mixed mode, sharing, tiered, compressed oops, compressed class ptrs, g1 gc, windows-amd64)
GC Precious Log:
 CPUs: 12 total, 12 available
 Memory: 16091M
 Large Page Support: Disabled
 NUMA Support: Disabled
 Compressed Oops: Enabled (32-bit)
 Heap Region Size: 1M
 Heap Min Capacity: 8M
 Heap Initial Capacity: 252M
 Heap Max Capacity: 2G
 Pre-touch: Disabled
 Parallel Workers: 10
 Concurrent Workers: 3
 Concurrent Refinement Workers: 10
 Periodic GC: Disabled
Heap:
 garbage-first heap   total 389120K, used 199598K [0x0000000080000000, 0x0000000100000000)
  region size 1024K, 28 young (28672K), 3 survivors (3072K)
 Metaspace       used 176024K, committed 177344K, reserved 1245184K
  class space    used 22589K, committed 23232K, reserved 1048576K
GC Heap History (20 events):
Event: 69.594 GC heap before
{Heap before GC invocations=60 (full 0):
 garbage-first heap   total 293888K, used 255285K [0x0000000080000000, 0x0000000100000000)
  region size 1024K, 15 young (15360K), 3 survivors (3072K)
 Metaspace       used 165060K, committed 166144K, reserved 1245184K
  class space    used 21306K, committed 21824K, reserved 1048576K
}
Event: 69.597 GC heap after
{Heap after GC invocations=61 (full 0):
 garbage-first heap   total 353280K, used 244894K [0x0000000080000000, 0x0000000100000000)
  region size 1024K, 2 young (2048K), 2 survivors (2048K)
 Metaspace       used 165060K, committed 166144K, reserved 1245184K
  class space    used 21306K, committed 21824K, reserved 1048576K
}
Event: 69.971 GC heap before
{Heap before GC invocations=61 (full 0):
 garbage-first heap   total 353280K, used 295070K [0x0000000080000000, 0x0000000100000000)
  region size 1024K, 52 young (53248K), 2 survivors (2048K)
 Metaspace       used 165549K, committed 166656K, reserved 1245184K
  class space    used 21365K, committed 21888K, reserved 1048576K
}
Event: 69.975 GC heap after
{Heap after GC invocations=62 (full 0):
 garbage-first heap   total 353280K, used 248695K [0x0000000080000000, 0x0000000100000000)
  region size 1024K, 6 young (6144K), 6 survivors (6144K)
 Metaspace       used 165549K, committed 166656K, reserved 1245184K
  class space    used 21365K, committed 21888K, reserved 1048576K
}
Event: 70.515 GC heap before
{Heap before GC invocations=62 (full 0):
 garbage-first heap   total 353280K, used 296823K [0x0000000080000000, 0x0000000100000000)
  region size 1024K, 54 young (55296K), 6 survivors (6144K)
 Metaspace       used 167082K, committed 168192K, reserved 1245184K
  class space    used 21555K, committed 22080K, reserved 1048576K
}
Event: 70.519 GC heap after
{Heap after GC invocations=63 (full 0):
 garbage-first heap   total 353280K, used 250498K [0x0000000080000000, 0x0000000100000000)
  region size 1024K, 4 young (4096K), 4 survivors (4096K)
 Metaspace       used 167082K, committed 168192K, reserved 1245184K
  class space    used 21555K, committed 22080K, reserved 1048576K
}
Event: 76.072 GC heap before
{Heap before GC invocations=63 (full 0):
 garbage-first heap   total 353280K, used 299650K [0x0000000080000000, 0x0000000100000000)
  region size 1024K, 53 young (54272K), 4 survivors (4096K)
 Metaspace       used 168758K, committed 169920K, reserved 1245184K
  class space    used 21771K, committed 22336K, reserved 1048576K
}
Event: 76.075 GC heap after
{Heap after GC invocations=64 (full 0):
 garbage-first heap   total 353280K, used 252229K [0x0000000080000000, 0x0000000100000000)
  region size 1024K, 6 young (6144K), 6 survivors (6144K)
 Metaspace       used 168758K, committed 169920K, reserved 1245184K
  class space    used 21771K, committed 22336K, reserved 1048576K
}
Event: 78.577 GC heap before
{Heap before GC invocations=64 (full 0):
 garbage-first heap   total 353280K, used 300357K [0x0000000080000000, 0x0000000100000000)
  region size 1024K, 54 young (55296K), 6 survivors (6144K)
 Metaspace       used 169804K, committed 170944K, reserved 1245184K
  class space    used 21895K, committed 22464K, reserved 1048576K
}
Event: 78.581 GC heap after
{Heap after GC invocations=65 (full 0):
 garbage-first heap   total 353280K, used 255653K [0x0000000080000000, 0x0000000100000000)
  region size 1024K, 6 young (6144K), 6 survivors (6144K)
 Metaspace       used 169804K, committed 170944K, reserved 1245184K
  class space    used 21895K, committed 22464K, reserved 1048576K
}
Event: 78.926 GC heap before
{Heap before GC invocations=65 (full 0):
 garbage-first heap   total 353280K, used 299685K [0x0000000080000000, 0x0000000100000000)
  region size 1024K, 50 young (51200K), 6 survivors (6144K)
 Metaspace       used 170111K, committed 171200K, reserved 1245184K
  class space    used 21920K, committed 22464K, reserved 1048576K
}
Event: 78.930 GC heap after
{Heap after GC invocations=66 (full 0):
 garbage-first heap   total 353280K, used 256567K [0x0000000080000000, 0x0000000100000000)
  region size 1024K, 5 young (5120K), 5 survivors (5120K)
 Metaspace       used 170111K, committed 171200K, reserved 1245184K
  class space    used 21920K, committed 22464K, reserved 1048576K
}
Event: 79.068 GC heap before
{Heap before GC invocations=66 (full 0):
 garbage-first heap   total 353280K, used 278071K [0x0000000080000000, 0x0000000100000000)
  region size 1024K, 26 young (26624K), 5 survivors (5120K)
 Metaspace       used 171018K, committed 172096K, reserved 1245184K
  class space    used 21993K, committed 22528K, reserved 1048576K
}
Event: 79.071 GC heap after
{Heap after GC invocations=67 (full 0):
 garbage-first heap   total 353280K, used 258938K [0x0000000080000000, 0x0000000100000000)
  region size 1024K, 4 young (4096K), 4 survivors (4096K)
 Metaspace       used 171018K, committed 172096K, reserved 1245184K
  class space    used 21993K, committed 22528K, reserved 1048576K
}
Event: 79.281 GC heap before
{Heap before GC invocations=68 (full 0):
 garbage-first heap   total 389120K, used 271226K [0x0000000080000000, 0x0000000100000000)
  region size 1024K, 46 young (47104K), 4 survivors (4096K)
 Metaspace       used 172726K, committed 173888K, reserved 1245184K
  class space    used 22084K, committed 22656K, reserved 1048576K
}
Event: 79.284 GC heap after
{Heap after GC invocations=69 (full 0):
 garbage-first heap   total 389120K, used 229380K [0x0000000080000000, 0x0000000100000000)
  region size 1024K, 5 young (5120K), 5 survivors (5120K)
 Metaspace       used 172726K, committed 173888K, reserved 1245184K
  class space    used 22084K, committed 22656K, reserved 1048576K
}
Event: 79.418 GC heap before
{Heap before GC invocations=69 (full 0):
 garbage-first heap   total 389120K, used 243716K [0x0000000080000000, 0x0000000100000000)
  region size 1024K, 19 young (19456K), 5 survivors (5120K)
 Metaspace       used 172862K, committed 174080K, reserved 1245184K
  class space    used 22118K, committed 22720K, reserved 1048576K
}
Event: 79.421 GC heap after
{Heap after GC invocations=70 (full 0):
 garbage-first heap   total 389120K, used 191654K [0x0000000080000000, 0x0000000100000000)
  region size 1024K, 1 young (1024K), 1 survivors (1024K)
 Metaspace       used 172862K, committed 174080K, reserved 1245184K
  class space    used 22118K, committed 22720K, reserved 1048576K
}
Event: 79.741 GC heap before
{Heap before GC invocations=70 (full 0):
 garbage-first heap   total 389120K, used 209062K [0x0000000080000000, 0x0000000100000000)
  region size 1024K, 19 young (19456K), 1 survivors (1024K)
 Metaspace       used 174105K, committed 175296K, reserved 1245184K
  class space    used 22278K, committed 22848K, reserved 1048576K
}
Event: 79.747 GC heap after
{Heap after GC invocations=71 (full 0):
 garbage-first heap   total 389120K, used 176046K [0x0000000080000000, 0x0000000100000000)
  region size 1024K, 3 young (3072K), 3 survivors (3072K)
 Metaspace       used 174105K, committed 175296K, reserved 1245184K
  class space    used 22278K, committed 22848K, reserved 1048576K
}

