# JRE version: Java(TM) SE Runtime Environment (17.0.18+8) (build 17.0.18+8-LTS-264)
# Java VM: Java HotSpot(TM) 64-Bit Server VM (17.0.18+8-LTS-264, mixed mode, sharing, tiered, compressed oops, compressed class ptrs, g1 gc, windows-amd64)
GC Precious Log:
 CPUs: 12 total, 12 available
 Memory: 16091M
 Large Page Support: Disabled
 NUMA Support: Disabled
 Compressed Oops: Enabled (32-bit)
 Heap Region Size: 1M
 Heap Min Capacity: 8M
 Heap Initial Capacity: 252M
 Heap Max Capacity: 2G
 Pre-touch: Disabled
 Parallel Workers: 10
 Concurrent Workers: 3
 Concurrent Refinement Workers: 10
 Periodic GC: Disabled
Heap:
 garbage-first heap   total 94208K, used 66109K [0x0000000080000000, 0x0000000100000000)
  region size 1024K, 16 young (16384K), 1 survivors (1024K)
 Metaspace       used 56687K, committed 57344K, reserved 1114112K
  class space    used 7902K, committed 8192K, reserved 1048576K
GC Heap History (20 events):
Event: 8.108 GC heap before
{Heap before GC invocations=13 (full 0):
 garbage-first heap   total 86016K, used 67049K [0x0000000080000000, 0x0000000100000000)
  region size 1024K, 33 young (33792K), 3 survivors (3072K)
 Metaspace       used 43053K, committed 43712K, reserved 1114112K
  class space    used 5935K, committed 6272K, reserved 1048576K
}
Event: 8.110 GC heap after
{Heap after GC invocations=14 (full 0):
 garbage-first heap   total 86016K, used 37547K [0x0000000080000000, 0x0000000100000000)
  region size 1024K, 3 young (3072K), 3 survivors (3072K)
 Metaspace       used 43053K, committed 43712K, reserved 1114112K
  class space    used 5935K, committed 6272K, reserved 1048576K
}
Event: 8.454 GC heap before
{Heap before GC invocations=14 (full 0):
 garbage-first heap   total 86016K, used 68267K [0x0000000080000000, 0x0000000100000000)
  region size 1024K, 33 young (33792K), 3 survivors (3072K)
 Metaspace       used 46617K, committed 47232K, reserved 1114112K
  class space    used 6445K, committed 6784K, reserved 1048576K
}
Event: 8.456 GC heap after
{Heap after GC invocations=15 (full 0):
 garbage-first heap   total 86016K, used 38509K [0x0000000080000000, 0x0000000100000000)
  region size 1024K, 3 young (3072K), 3 survivors (3072K)
 Metaspace       used 46617K, committed 47232K, reserved 1114112K
  class space    used 6445K, committed 6784K, reserved 1048576K
}
Event: 8.907 GC heap before
{Heap before GC invocations=15 (full 0):
 garbage-first heap   total 86016K, used 68205K [0x0000000080000000, 0x0000000100000000)
  region size 1024K, 32 young (32768K), 3 survivors (3072K)
 Metaspace       used 50326K, committed 50944K, reserved 1114112K
  class space    used 6989K, committed 7296K, reserved 1048576K
}
Event: 8.910 GC heap after
{Heap after GC invocations=16 (full 0):
 garbage-first heap   total 86016K, used 40134K [0x0000000080000000, 0x0000000100000000)
  region size 1024K, 4 young (4096K), 4 survivors (4096K)
 Metaspace       used 50326K, committed 50944K, reserved 1114112K
  class space    used 6989K, committed 7296K, reserved 1048576K
}
Event: 9.365 GC heap before
{Heap before GC invocations=16 (full 0):
 garbage-first heap   total 86016K, used 69830K [0x0000000080000000, 0x0000000100000000)
  region size 1024K, 33 young (33792K), 4 survivors (4096K)
 Metaspace       used 52702K, committed 53312K, reserved 1114112K
  class space    used 7338K, committed 7616K, reserved 1048576K
}
Event: 9.368 GC heap after
{Heap after GC invocations=17 (full 0):
 garbage-first heap   total 86016K, used 42288K [0x0000000080000000, 0x0000000100000000)
  region size 1024K, 5 young (5120K), 5 survivors (5120K)
 Metaspace       used 52702K, committed 53312K, reserved 1114112K
  class space    used 7338K, committed 7616K, reserved 1048576K
}
Event: 9.857 GC heap before
{Heap before GC invocations=17 (full 0):
 garbage-first heap   total 86016K, used 69936K [0x0000000080000000, 0x0000000100000000)
  region size 1024K, 32 young (32768K), 5 survivors (5120K)
 Metaspace       used 54900K, committed 55552K, reserved 1114112K
  class space    used 7684K, committed 8000K, reserved 1048576K
}
Event: 9.861 GC heap after
{Heap after GC invocations=18 (full 0):
 garbage-first heap   total 86016K, used 44323K [0x0000000080000000, 0x0000000100000000)
  region size 1024K, 3 young (3072K), 3 survivors (3072K)
 Metaspace       used 54900K, committed 55552K, reserved 1114112K
  class space    used 7684K, committed 8000K, reserved 1048576K
}
Event: 10.412 GC heap before
{Heap before GC invocations=18 (full 0):
 garbage-first heap   total 86016K, used 67875K [0x0000000080000000, 0x0000000100000000)
  region size 1024K, 27 young (27648K), 3 survivors (3072K)
 Metaspace       used 55814K, committed 56448K, reserved 1114112K
  class space    used 7777K, committed 8064K, reserved 1048576K
}
Event: 10.416 GC heap after
{Heap after GC invocations=19 (full 0):
 garbage-first heap   total 86016K, used 48416K [0x0000000080000000, 0x0000000100000000)
  region size 1024K, 4 young (4096K), 4 survivors (4096K)
 Metaspace       used 55814K, committed 56448K, reserved 1114112K
  class space    used 7777K, committed 8064K, reserved 1048576K
}
Event: 10.670 GC heap before
{Heap before GC invocations=20 (full 0):
 garbage-first heap   total 86016K, used 67872K [0x0000000080000000, 0x0000000100000000)
  region size 1024K, 24 young (24576K), 4 survivors (4096K)
 Metaspace       used 56231K, committed 56896K, reserved 1114112K
  class space    used 7876K, committed 8192K, reserved 1048576K
}
Event: 10.675 GC heap after
{Heap after GC invocations=21 (full 0):
 garbage-first heap   total 86016K, used 51752K [0x0000000080000000, 0x0000000100000000)
  region size 1024K, 3 young (3072K), 3 survivors (3072K)
 Metaspace       used 56231K, committed 56896K, reserved 1114112K
  class space    used 7876K, committed 8192K, reserved 1048576K
}
Event: 10.892 GC heap before
{Heap before GC invocations=21 (full 0):
 garbage-first heap   total 86016K, used 68136K [0x0000000080000000, 0x0000000100000000)
  region size 1024K, 20 young (20480K), 3 survivors (3072K)
 Metaspace       used 56391K, committed 57088K, reserved 1114112K
  class space    used 7876K, committed 8192K, reserved 1048576K
}
Event: 10.896 GC heap after
{Heap after GC invocations=22 (full 0):
 garbage-first heap   total 86016K, used 52488K [0x0000000080000000, 0x0000000100000000)
  region size 1024K, 3 young (3072K), 3 survivors (3072K)
 Metaspace       used 56391K, committed 57088K, reserved 1114112K
  class space    used 7876K, committed 8192K, reserved 1048576K
}
Event: 11.153 GC heap before
{Heap before GC invocations=23 (full 0):
 garbage-first heap   total 94208K, used 67848K [0x0000000080000000, 0x0000000100000000)
  region size 1024K, 19 young (19456K), 3 survivors (3072K)
 Metaspace       used 56608K, committed 57280K, reserved 1114112K
  class space    used 7902K, committed 8192K, reserved 1048576K
}
Event: 11.157 GC heap after
{Heap after GC invocations=24 (full 0):
 garbage-first heap   total 94208K, used 53200K [0x0000000080000000, 0x0000000100000000)
  region size 1024K, 3 young (3072K), 3 survivors (3072K)
 Metaspace       used 56608K, committed 57280K, reserved 1114112K
  class space    used 7902K, committed 8192K, reserved 1048576K
}
Event: 11.172 GC heap before
{Heap before GC invocations=24 (full 0):
 garbage-first heap   total 94208K, used 53200K [0x0000000080000000, 0x0000000100000000)
  region size 1024K, 4 young (4096K), 3 survivors (3072K)
 Metaspace       used 56609K, committed 57280K, reserved 1114112K
  class space    used 7902K, committed 8192K, reserved 1048576K
}
Event: 11.175 GC heap after
{Heap after GC invocations=25 (full 0):
 garbage-first heap   total 94208K, used 52797K [0x0000000080000000, 0x0000000100000000)
  region size 1024K, 1 young (1024K), 1 survivors (1024K)
 Metaspace       used 56609K, committed 57280K, reserved 1114112K
  class space    used 7902K, committed 8192K, reserved 1048576K
}

