# JRE version: Java(TM) SE Runtime Environment (17.0.18+8) (build 17.0.18+8-LTS-264)
# Java VM: Java HotSpot(TM) 64-Bit Server VM (17.0.18+8-LTS-264, mixed mode, sharing, tiered, compressed oops, compressed class ptrs, g1 gc, windows-amd64)
GC Precious Log:
 CPUs: 12 total, 12 available
 Memory: 16091M
 Large Page Support: Disabled
 NUMA Support: Disabled
 Compressed Oops: Enabled (32-bit)
 Heap Region Size: 1M
 Heap Min Capacity: 8M
 Heap Initial Capacity: 252M
 Heap Max Capacity: 2G
 Pre-touch: Disabled
 Parallel Workers: 10
 Concurrent Workers: 3
 Concurrent Refinement Workers: 10
 Periodic GC: Disabled
Heap:
 garbage-first heap   total 142336K, used 107710K [0x0000000080000000, 0x0000000100000000)
  region size 1024K, 25 young (25600K), 5 survivors (5120K)
 Metaspace       used 74019K, committed 74752K, reserved 1114112K
  class space    used 10173K, committed 10560K, reserved 1048576K
GC Heap History (20 events):
Event: 11.188 GC heap before
{Heap before GC invocations=34 (full 0):
 garbage-first heap   total 112640K, used 92350K [0x0000000080000000, 0x0000000100000000)
  region size 1024K, 22 young (22528K), 1 survivors (1024K)
 Metaspace       used 58807K, committed 59456K, reserved 1114112K
  class space    used 8086K, committed 8384K, reserved 1048576K
}
Event: 11.190 GC heap after
{Heap after GC invocations=35 (full 0):
 garbage-first heap   total 112640K, used 72424K [0x0000000080000000, 0x0000000100000000)
  region size 1024K, 1 young (1024K), 1 survivors (1024K)
 Metaspace       used 58807K, committed 59456K, reserved 1114112K
  class space    used 8086K, committed 8384K, reserved 1048576K
}
Event: 11.542 GC heap before
{Heap before GC invocations=36 (full 0):
 garbage-first heap   total 124928K, used 94952K [0x0000000080000000, 0x0000000100000000)
  region size 1024K, 23 young (23552K), 1 survivors (1024K)
 Metaspace       used 60721K, committed 61504K, reserved 1114112K
  class space    used 8385K, committed 8768K, reserved 1048576K
}
Event: 11.544 GC heap after
{Heap after GC invocations=37 (full 0):
 garbage-first heap   total 124928K, used 73083K [0x0000000080000000, 0x0000000100000000)
  region size 1024K, 2 young (2048K), 2 survivors (2048K)
 Metaspace       used 60721K, committed 61504K, reserved 1114112K
  class space    used 8385K, committed 8768K, reserved 1048576K
}
Event: 11.625 GC heap before
{Heap before GC invocations=37 (full 0):
 garbage-first heap   total 124928K, used 77179K [0x0000000080000000, 0x0000000100000000)
  region size 1024K, 6 young (6144K), 2 survivors (2048K)
 Metaspace       used 61143K, committed 61824K, reserved 1114112K
  class space    used 8456K, committed 8768K, reserved 1048576K
}
Event: 11.627 GC heap after
{Heap after GC invocations=38 (full 0):
 garbage-first heap   total 124928K, used 72867K [0x0000000080000000, 0x0000000100000000)
  region size 1024K, 1 young (1024K), 1 survivors (1024K)
 Metaspace       used 61143K, committed 61824K, reserved 1114112K
  class space    used 8456K, committed 8768K, reserved 1048576K
}
Event: 12.032 GC heap before
{Heap before GC invocations=38 (full 0):
 garbage-first heap   total 124928K, used 108707K [0x0000000080000000, 0x0000000100000000)
  region size 1024K, 31 young (31744K), 1 survivors (1024K)
 Metaspace       used 63370K, committed 64064K, reserved 1114112K
  class space    used 8758K, committed 9088K, reserved 1048576K
}
Event: 12.034 GC heap after
{Heap after GC invocations=39 (full 0):
 garbage-first heap   total 124928K, used 77989K [0x0000000080000000, 0x0000000100000000)
  region size 1024K, 4 young (4096K), 4 survivors (4096K)
 Metaspace       used 63370K, committed 64064K, reserved 1114112K
  class space    used 8758K, committed 9088K, reserved 1048576K
}
Event: 12.370 GC heap before
{Heap before GC invocations=39 (full 0):
 garbage-first heap   total 124928K, used 101541K [0x0000000080000000, 0x0000000100000000)
  region size 1024K, 28 young (28672K), 4 survivors (4096K)
 Metaspace       used 65144K, committed 65920K, reserved 1114112K
  class space    used 8976K, committed 9344K, reserved 1048576K
}
Event: 12.372 GC heap after
{Heap after GC invocations=40 (full 0):
 garbage-first heap   total 124928K, used 79471K [0x0000000080000000, 0x0000000100000000)
  region size 1024K, 2 young (2048K), 2 survivors (2048K)
 Metaspace       used 65144K, committed 65920K, reserved 1114112K
  class space    used 8976K, committed 9344K, reserved 1048576K
}
Event: 12.686 GC heap before
{Heap before GC invocations=40 (full 0):
 garbage-first heap   total 124928K, used 103023K [0x0000000080000000, 0x0000000100000000)
  region size 1024K, 25 young (25600K), 2 survivors (2048K)
 Metaspace       used 66795K, committed 67456K, reserved 1114112K
  class space    used 9175K, committed 9536K, reserved 1048576K
}
Event: 12.688 GC heap after
{Heap after GC invocations=41 (full 0):
 garbage-first heap   total 124928K, used 80472K [0x0000000080000000, 0x0000000100000000)
  region size 1024K, 3 young (3072K), 3 survivors (3072K)
 Metaspace       used 66795K, committed 67456K, reserved 1114112K
  class space    used 9175K, committed 9536K, reserved 1048576K
}
Event: 13.060 GC heap before
{Heap before GC invocations=42 (full 0):
 garbage-first heap   total 142336K, used 103000K [0x0000000080000000, 0x0000000100000000)
  region size 1024K, 25 young (25600K), 3 survivors (3072K)
 Metaspace       used 68468K, committed 69248K, reserved 1114112K
  class space    used 9412K, committed 9792K, reserved 1048576K
}
Event: 13.063 GC heap after
{Heap after GC invocations=43 (full 0):
 garbage-first heap   total 142336K, used 81173K [0x0000000080000000, 0x0000000100000000)
  region size 1024K, 2 young (2048K), 2 survivors (2048K)
 Metaspace       used 68468K, committed 69248K, reserved 1114112K
  class space    used 9412K, committed 9792K, reserved 1048576K
}
Event: 13.177 GC heap before
{Heap before GC invocations=43 (full 0):
 garbage-first heap   total 142336K, used 85269K [0x0000000080000000, 0x0000000100000000)
  region size 1024K, 6 young (6144K), 2 survivors (2048K)
 Metaspace       used 69476K, committed 70208K, reserved 1114112K
  class space    used 9528K, committed 9856K, reserved 1048576K
}
Event: 13.180 GC heap after
{Heap after GC invocations=44 (full 0):
 garbage-first heap   total 142336K, used 81159K [0x0000000080000000, 0x0000000100000000)
  region size 1024K, 1 young (1024K), 1 survivors (1024K)
 Metaspace       used 69476K, committed 70208K, reserved 1114112K
  class space    used 9528K, committed 9856K, reserved 1048576K
}
Event: 13.724 GC heap before
{Heap before GC invocations=44 (full 0):
 garbage-first heap   total 142336K, used 122119K [0x0000000080000000, 0x0000000100000000)
  region size 1024K, 38 young (38912K), 1 survivors (1024K)
 Metaspace       used 72284K, committed 73024K, reserved 1114112K
  class space    used 9909K, committed 10304K, reserved 1048576K
}
Event: 13.725 GC heap after
{Heap after GC invocations=45 (full 0):
 garbage-first heap   total 142336K, used 85771K [0x0000000080000000, 0x0000000100000000)
  region size 1024K, 3 young (3072K), 3 survivors (3072K)
 Metaspace       used 72284K, committed 73024K, reserved 1114112K
  class space    used 9909K, committed 10304K, reserved 1048576K
}
Event: 14.180 GC heap before
{Heap before GC invocations=45 (full 0):
 garbage-first heap   total 142336K, used 119563K [0x0000000080000000, 0x0000000100000000)
  region size 1024K, 36 young (36864K), 3 survivors (3072K)
 Metaspace       used 74019K, committed 74752K, reserved 1114112K
  class space    used 10173K, committed 10560K, reserved 1048576K
}
Event: 14.183 GC heap after
{Heap after GC invocations=46 (full 0):
 garbage-first heap   total 142336K, used 88254K [0x0000000080000000, 0x0000000100000000)
  region size 1024K, 5 young (5120K), 5 survivors (5120K)
 Metaspace       used 74019K, committed 74752K, reserved 1114112K
  class space    used 10173K, committed 10560K, reserved 1048576K
}

