# JRE version: OpenJDK Runtime Environment Temurin-21.0.10+7 (21.0.10+7) (build 21.0.10+7-LTS)
# Java VM: OpenJDK 64-Bit Server VM Temurin-21.0.10+7 (21.0.10+7-LTS, mixed mode, sharing, tiered, compressed oops, compressed class ptrs, parallel gc, windows-amd64)
GC Precious Log:
 CardTable entry size: 512
 CPUs: 12 total, 12 available
 Memory: 16091M
 Large Page Support: Disabled
 NUMA Support: Disabled
 Compressed Oops: Enabled (32-bit)
 Alignments: Space 512K, Generation 512K, Heap 2M
 Heap Min Capacity: 100M
 Heap Initial Capacity: 100M
 Heap Max Capacity: 2G
 Pre-touch: Disabled
 Parallel Workers: 10
Heap:
 PSYoungGen      total 6144K, used 2162K [0x00000000d5580000, 0x00000000d5f80000, 0x0000000100000000)
  eden space 5632K, 32% used [0x00000000d5580000,0x00000000d574cb80,0x00000000d5b00000)
  from space 512K, 62% used [0x00000000d5f00000,0x00000000d5f50000,0x00000000d5f80000)
  to   space 1024K, 0% used [0x00000000d5d80000,0x00000000d5d80000,0x00000000d5e80000)
 ParOldGen       total 80896K, used 80558K [0x0000000080000000, 0x0000000084f00000, 0x00000000d5580000)
  object space 80896K, 99% used [0x0000000080000000,0x0000000084eaba70,0x0000000084f00000)
 Metaspace       used 73909K, committed 75456K, reserved 1179648K
  class space    used 8372K, committed 9024K, reserved 1048576K
GC Heap History (20 events):
Event: 57.202 GC heap before
{Heap before GC invocations=58 (full 3):
 PSYoungGen      total 9728K, used 9709K [0x00000000d5580000, 0x00000000d7800000, 0x0000000100000000)
  eden space 5632K, 100% used [0x00000000d5580000,0x00000000d5b00000,0x00000000d5b00000)
  from space 4096K, 99% used [0x00000000d6600000,0x00000000d69fb5c8,0x00000000d6a00000)
  to   space 11264K, 0% used [0x00000000d5b00000,0x00000000d5b00000,0x00000000d6600000)
 ParOldGen       total 72192K, used 71885K [0x0000000080000000, 0x0000000084680000, 0x00000000d5580000)
  object space 72192K, 99% used [0x0000000080000000,0x0000000084633790,0x0000000084680000)
 Metaspace       used 72005K, committed 73600K, reserved 1179648K
  class space    used 8246K, committed 8896K, reserved 1048576K
}
Event: 57.205 GC heap after
{Heap after GC invocations=58 (full 3):
 PSYoungGen      total 7168K, used 1225K [0x00000000d5580000, 0x00000000d6680000, 0x0000000100000000)
  eden space 5632K, 0% used [0x00000000d5580000,0x00000000d5580000,0x00000000d5b00000)
  from space 1536K, 79% used [0x00000000d5b00000,0x00000000d5c32590,0x00000000d5c80000)
  to   space 4608K, 0% used [0x00000000d6200000,0x00000000d6200000,0x00000000d6680000)
 ParOldGen       total 75776K, used 75612K [0x0000000080000000, 0x0000000084a00000, 0x00000000d5580000)
  object space 75776K, 99% used [0x0000000080000000,0x00000000849d7048,0x0000000084a00000)
 Metaspace       used 72005K, committed 73600K, reserved 1179648K
  class space    used 8246K, committed 8896K, reserved 1048576K
}
Event: 57.295 GC heap before
{Heap before GC invocations=59 (full 3):
 PSYoungGen      total 7168K, used 6857K [0x00000000d5580000, 0x00000000d6680000, 0x0000000100000000)
  eden space 5632K, 100% used [0x00000000d5580000,0x00000000d5b00000,0x00000000d5b00000)
  from space 1536K, 79% used [0x00000000d5b00000,0x00000000d5c32590,0x00000000d5c80000)
  to   space 4608K, 0% used [0x00000000d6200000,0x00000000d6200000,0x00000000d6680000)
 ParOldGen       total 75776K, used 75612K [0x0000000080000000, 0x0000000084a00000, 0x00000000d5580000)
  object space 75776K, 99% used [0x0000000080000000,0x00000000849d7048,0x0000000084a00000)
 Metaspace       used 72112K, committed 73728K, reserved 1179648K
  class space    used 8250K, committed 8896K, reserved 1048576K
}
Event: 57.297 GC heap after
{Heap after GC invocations=59 (full 3):
 PSYoungGen      total 7168K, used 1314K [0x00000000d5580000, 0x00000000d6380000, 0x0000000100000000)
  eden space 5632K, 0% used [0x00000000d5580000,0x00000000d5580000,0x00000000d5b00000)
  from space 1536K, 85% used [0x00000000d6200000,0x00000000d6348918,0x00000000d6380000)
  to   space 2048K, 0% used [0x00000000d5f80000,0x00000000d5f80000,0x00000000d6180000)
 ParOldGen       total 76288K, used 76042K [0x0000000080000000, 0x0000000084a80000, 0x00000000d5580000)
  object space 76288K, 99% used [0x0000000080000000,0x0000000084a42980,0x0000000084a80000)
 Metaspace       used 72112K, committed 73728K, reserved 1179648K
  class space    used 8250K, committed 8896K, reserved 1048576K
}
Event: 57.456 GC heap before
{Heap before GC invocations=60 (full 3):
 PSYoungGen      total 7168K, used 6946K [0x00000000d5580000, 0x00000000d6380000, 0x0000000100000000)
  eden space 5632K, 100% used [0x00000000d5580000,0x00000000d5b00000,0x00000000d5b00000)
  from space 1536K, 85% used [0x00000000d6200000,0x00000000d6348918,0x00000000d6380000)
  to   space 2048K, 0% used [0x00000000d5f80000,0x00000000d5f80000,0x00000000d6180000)
 ParOldGen       total 76288K, used 76042K [0x0000000080000000, 0x0000000084a80000, 0x00000000d5580000)
  object space 76288K, 99% used [0x0000000080000000,0x0000000084a42980,0x0000000084a80000)
 Metaspace       used 72276K, committed 73856K, reserved 1179648K
  class space    used 8251K, committed 8896K, reserved 1048576K
}
Event: 57.458 GC heap after
{Heap after GC invocations=60 (full 3):
 PSYoungGen      total 6656K, used 877K [0x00000000d5580000, 0x00000000d6280000, 0x0000000100000000)
  eden space 5632K, 0% used [0x00000000d5580000,0x00000000d5580000,0x00000000d5b00000)
  from space 1024K, 85% used [0x00000000d5f80000,0x00000000d605b780,0x00000000d6080000)
  to   space 1536K, 0% used [0x00000000d6100000,0x00000000d6100000,0x00000000d6280000)
 ParOldGen       total 76800K, used 76318K [0x0000000080000000, 0x0000000084b00000, 0x00000000d5580000)
  object space 76800K, 99% used [0x0000000080000000,0x0000000084a87ae0,0x0000000084b00000)
 Metaspace       used 72276K, committed 73856K, reserved 1179648K
  class space    used 8251K, committed 8896K, reserved 1048576K
}
Event: 57.538 GC heap before
{Heap before GC invocations=61 (full 3):
 PSYoungGen      total 6656K, used 6509K [0x00000000d5580000, 0x00000000d6280000, 0x0000000100000000)
  eden space 5632K, 100% used [0x00000000d5580000,0x00000000d5b00000,0x00000000d5b00000)
  from space 1024K, 85% used [0x00000000d5f80000,0x00000000d605b780,0x00000000d6080000)
  to   space 1536K, 0% used [0x00000000d6100000,0x00000000d6100000,0x00000000d6280000)
 ParOldGen       total 76800K, used 76318K [0x0000000080000000, 0x0000000084b00000, 0x00000000d5580000)
  object space 76800K, 99% used [0x0000000080000000,0x0000000084a87ae0,0x0000000084b00000)
 Metaspace       used 72592K, committed 74112K, reserved 1179648K
  class space    used 8266K, committed 8896K, reserved 1048576K
}
Event: 57.540 GC heap after
{Heap after GC invocations=61 (full 3):
 PSYoungGen      total 7168K, used 1519K [0x00000000d5580000, 0x00000000d6300000, 0x0000000100000000)
  eden space 5632K, 0% used [0x00000000d5580000,0x00000000d5580000,0x00000000d5b00000)
  from space 1536K, 98% used [0x00000000d6100000,0x00000000d627bfc0,0x00000000d6280000)
  to   space 4096K, 0% used [0x00000000d5b00000,0x00000000d5b00000,0x00000000d5f00000)
 ParOldGen       total 78336K, used 78067K [0x0000000080000000, 0x0000000084c80000, 0x00000000d5580000)
  object space 78336K, 99% used [0x0000000080000000,0x0000000084c3cc08,0x0000000084c80000)
 Metaspace       used 72592K, committed 74112K, reserved 1179648K
  class space    used 8266K, committed 8896K, reserved 1048576K
}
Event: 57.614 GC heap before
{Heap before GC invocations=62 (full 3):
 PSYoungGen      total 7168K, used 7151K [0x00000000d5580000, 0x00000000d6300000, 0x0000000100000000)
  eden space 5632K, 100% used [0x00000000d5580000,0x00000000d5b00000,0x00000000d5b00000)
  from space 1536K, 98% used [0x00000000d6100000,0x00000000d627bfc0,0x00000000d6280000)
  to   space 4096K, 0% used [0x00000000d5b00000,0x00000000d5b00000,0x00000000d5f00000)
 ParOldGen       total 78336K, used 78067K [0x0000000080000000, 0x0000000084c80000, 0x00000000d5580000)
  object space 78336K, 99% used [0x0000000080000000,0x0000000084c3cc08,0x0000000084c80000)
 Metaspace       used 72940K, committed 74496K, reserved 1179648K
  class space    used 8301K, committed 8960K, reserved 1048576K
}
Event: 57.617 GC heap after
{Heap after GC invocations=62 (full 3):
 PSYoungGen      total 9728K, used 448K [0x00000000d5580000, 0x00000000d6180000, 0x0000000100000000)
  eden space 5632K, 0% used [0x00000000d5580000,0x00000000d5580000,0x00000000d5b00000)
  from space 4096K, 10% used [0x00000000d5b00000,0x00000000d5b70020,0x00000000d5f00000)
  to   space 1536K, 0% used [0x00000000d6000000,0x00000000d6000000,0x00000000d6180000)
 ParOldGen       total 78848K, used 78746K [0x0000000080000000, 0x0000000084d00000, 0x00000000d5580000)
  object space 78848K, 99% used [0x0000000080000000,0x0000000084ce6958,0x0000000084d00000)
 Metaspace       used 72940K, committed 74496K, reserved 1179648K
  class space    used 8301K, committed 8960K, reserved 1048576K
}
Event: 59.491 GC heap before
{Heap before GC invocations=63 (full 3):
 PSYoungGen      total 9728K, used 6080K [0x00000000d5580000, 0x00000000d6180000, 0x0000000100000000)
  eden space 5632K, 99% used [0x00000000d5580000,0x00000000d5affff0,0x00000000d5b00000)
  from space 4096K, 10% used [0x00000000d5b00000,0x00000000d5b70020,0x00000000d5f00000)
  to   space 1536K, 0% used [0x00000000d6000000,0x00000000d6000000,0x00000000d6180000)
 ParOldGen       total 78848K, used 78746K [0x0000000080000000, 0x0000000084d00000, 0x00000000d5580000)
  object space 78848K, 99% used [0x0000000080000000,0x0000000084ce6958,0x0000000084d00000)
 Metaspace       used 73254K, committed 74816K, reserved 1179648K
  class space    used 8340K, committed 9024K, reserved 1048576K
}
Event: 59.493 GC heap after
{Heap after GC invocations=63 (full 3):
 PSYoungGen      total 6144K, used 448K [0x00000000d5580000, 0x00000000d6080000, 0x0000000100000000)
  eden space 5632K, 0% used [0x00000000d5580000,0x00000000d5580000,0x00000000d5b00000)
  from space 512K, 87% used [0x00000000d6000000,0x00000000d6070020,0x00000000d6080000)
  to   space 1024K, 0% used [0x00000000d5e80000,0x00000000d5e80000,0x00000000d5f80000)
 ParOldGen       total 79360K, used 78967K [0x0000000080000000, 0x0000000084d80000, 0x00000000d5580000)
  object space 79360K, 99% used [0x0000000080000000,0x0000000084d1de28,0x0000000084d80000)
 Metaspace       used 73254K, committed 74816K, reserved 1179648K
  class space    used 8340K, committed 9024K, reserved 1048576K
}
Event: 59.567 GC heap before
{Heap before GC invocations=64 (full 3):
 PSYoungGen      total 6144K, used 6080K [0x00000000d5580000, 0x00000000d6080000, 0x0000000100000000)
  eden space 5632K, 100% used [0x00000000d5580000,0x00000000d5b00000,0x00000000d5b00000)
  from space 512K, 87% used [0x00000000d6000000,0x00000000d6070020,0x00000000d6080000)
  to   space 1024K, 0% used [0x00000000d5e80000,0x00000000d5e80000,0x00000000d5f80000)
 ParOldGen       total 79360K, used 78967K [0x0000000080000000, 0x0000000084d80000, 0x00000000d5580000)
  object space 79360K, 99% used [0x0000000080000000,0x0000000084d1de28,0x0000000084d80000)
 Metaspace       used 73379K, committed 74944K, reserved 1179648K
  class space    used 8341K, committed 9024K, reserved 1048576K
}
Event: 59.568 GC heap after
{Heap after GC invocations=64 (full 3):
 PSYoungGen      total 6656K, used 288K [0x00000000d5580000, 0x00000000d6080000, 0x0000000100000000)
  eden space 5632K, 0% used [0x00000000d5580000,0x00000000d5580000,0x00000000d5b00000)
  from space 1024K, 28% used [0x00000000d5e80000,0x00000000d5ec8000,0x00000000d5f80000)
  to   space 512K, 0% used [0x00000000d6000000,0x00000000d6000000,0x00000000d6080000)
 ParOldGen       total 79360K, used 79251K [0x0000000080000000, 0x0000000084d80000, 0x00000000d5580000)
  object space 79360K, 99% used [0x0000000080000000,0x0000000084d64d98,0x0000000084d80000)
 Metaspace       used 73379K, committed 74944K, reserved 1179648K
  class space    used 8341K, committed 9024K, reserved 1048576K
}
Event: 59.666 GC heap before
{Heap before GC invocations=65 (full 3):
 PSYoungGen      total 6656K, used 5920K [0x00000000d5580000, 0x00000000d6080000, 0x0000000100000000)
  eden space 5632K, 100% used [0x00000000d5580000,0x00000000d5b00000,0x00000000d5b00000)
  from space 1024K, 28% used [0x00000000d5e80000,0x00000000d5ec8000,0x00000000d5f80000)
  to   space 512K, 0% used [0x00000000d6000000,0x00000000d6000000,0x00000000d6080000)
 ParOldGen       total 79360K, used 79251K [0x0000000080000000, 0x0000000084d80000, 0x00000000d5580000)
  object space 79360K, 99% used [0x0000000080000000,0x0000000084d64d98,0x0000000084d80000)
 Metaspace       used 73416K, committed 75008K, reserved 1179648K
  class space    used 8344K, committed 9024K, reserved 1048576K
}
Event: 59.668 GC heap after
{Heap after GC invocations=65 (full 3):
 PSYoungGen      total 6144K, used 496K [0x00000000d5580000, 0x00000000d6080000, 0x0000000100000000)
  eden space 5632K, 0% used [0x00000000d5580000,0x00000000d5580000,0x00000000d5b00000)
  from space 512K, 96% used [0x00000000d6000000,0x00000000d607c250,0x00000000d6080000)
  to   space 1536K, 0% used [0x00000000d5d80000,0x00000000d5d80000,0x00000000d5f00000)
 ParOldGen       total 79872K, used 79747K [0x0000000080000000, 0x0000000084e00000, 0x00000000d5580000)
  object space 79872K, 99% used [0x0000000080000000,0x0000000084de0dc8,0x0000000084e00000)
 Metaspace       used 73416K, committed 75008K, reserved 1179648K
  class space    used 8344K, committed 9024K, reserved 1048576K
}
Event: 59.757 GC heap before
{Heap before GC invocations=66 (full 3):
 PSYoungGen      total 6144K, used 6128K [0x00000000d5580000, 0x00000000d6080000, 0x0000000100000000)
  eden space 5632K, 100% used [0x00000000d5580000,0x00000000d5b00000,0x00000000d5b00000)
  from space 512K, 96% used [0x00000000d6000000,0x00000000d607c250,0x00000000d6080000)
  to   space 1536K, 0% used [0x00000000d5d80000,0x00000000d5d80000,0x00000000d5f00000)
 ParOldGen       total 79872K, used 79747K [0x0000000080000000, 0x0000000084e00000, 0x00000000d5580000)
  object space 79872K, 99% used [0x0000000080000000,0x0000000084de0dc8,0x0000000084e00000)
 Metaspace       used 73522K, committed 75136K, reserved 1179648K
  class space    used 8344K, committed 9024K, reserved 1048576K
}
Event: 59.759 GC heap after
{Heap after GC invocations=66 (full 3):
 PSYoungGen      total 7168K, used 1312K [0x00000000d5580000, 0x00000000d6080000, 0x0000000100000000)
  eden space 5632K, 0% used [0x00000000d5580000,0x00000000d5580000,0x00000000d5b00000)
  from space 1536K, 85% used [0x00000000d5d80000,0x00000000d5ec8000,0x00000000d5f00000)
  to   space 1536K, 0% used [0x00000000d5f00000,0x00000000d5f00000,0x00000000d6080000)
 ParOldGen       total 80384K, used 80250K [0x0000000080000000, 0x0000000084e80000, 0x00000000d5580000)
  object space 80384K, 99% used [0x0000000080000000,0x0000000084e5ea58,0x0000000084e80000)
 Metaspace       used 73522K, committed 75136K, reserved 1179648K
  class space    used 8344K, committed 9024K, reserved 1048576K
}
Event: 1872.673 GC heap before
{Heap before GC invocations=67 (full 3):
 PSYoungGen      total 7168K, used 6944K [0x00000000d5580000, 0x00000000d6080000, 0x0000000100000000)
  eden space 5632K, 100% used [0x00000000d5580000,0x00000000d5b00000,0x00000000d5b00000)
  from space 1536K, 85% used [0x00000000d5d80000,0x00000000d5ec8000,0x00000000d5f00000)
  to   space 1536K, 0% used [0x00000000d5f00000,0x00000000d5f00000,0x00000000d6080000)
 ParOldGen       total 80384K, used 80250K [0x0000000080000000, 0x0000000084e80000, 0x00000000d5580000)
  object space 80384K, 99% used [0x0000000080000000,0x0000000084e5ea58,0x0000000084e80000)
 Metaspace       used 73844K, committed 75392K, reserved 1179648K
  class space    used 8372K, committed 9024K, reserved 1048576K
}
Event: 1872.701 GC heap after
{Heap after GC invocations=67 (full 3):
 PSYoungGen      total 6144K, used 320K [0x00000000d5580000, 0x00000000d5f80000, 0x0000000100000000)
  eden space 5632K, 0% used [0x00000000d5580000,0x00000000d5580000,0x00000000d5b00000)
  from space 512K, 62% used [0x00000000d5f00000,0x00000000d5f50000,0x00000000d5f80000)
  to   space 1024K, 0% used [0x00000000d5d80000,0x00000000d5d80000,0x00000000d5e80000)
 ParOldGen       total 80896K, used 80558K [0x0000000080000000, 0x0000000084f00000, 0x00000000d5580000)
  object space 80896K, 99% used [0x0000000080000000,0x0000000084eaba70,0x0000000084f00000)
 Metaspace       used 73844K, committed 75392K, reserved 1179648K
  class space    used 8372K, committed 9024K, reserved 1048576K
}

