# JRE version: OpenJDK Runtime Environment Temurin-21.0.10+7 (21.0.10+7) (build 21.0.10+7-LTS)
# Java VM: OpenJDK 64-Bit Server VM Temurin-21.0.10+7 (21.0.10+7-LTS, mixed mode, sharing, tiered, compressed oops, compressed class ptrs, parallel gc, windows-amd64)
GC Precious Log:
 CardTable entry size: 512
 CPUs: 12 total, 12 available
 Memory: 16091M
 Large Page Support: Disabled
 NUMA Support: Disabled
 Compressed Oops: Enabled (32-bit)
 Alignments: Space 512K, Generation 512K, Heap 2M
 Heap Min Capacity: 100M
 Heap Initial Capacity: 100M
 Heap Max Capacity: 2G
 Pre-touch: Disabled
 Parallel Workers: 10
Heap:
 PSYoungGen      total 5120K, used 2592K [0x00000000d5580000, 0x00000000d5f00000, 0x0000000100000000)
  eden space 3584K, 44% used [0x00000000d5580000,0x00000000d5710890,0x00000000d5900000)
  from space 1536K, 64% used [0x00000000d5c00000,0x00000000d5cf7a40,0x00000000d5d80000)
  to   space 1024K, 0% used [0x00000000d5e00000,0x00000000d5e00000,0x00000000d5f00000)
 ParOldGen       total 633856K, used 197443K [0x0000000080000000, 0x00000000a6b00000, 0x00000000d5580000)
  object space 633856K, 31% used [0x0000000080000000,0x000000008c0d0f10,0x00000000a6b00000)
 Metaspace       used 83663K, committed 85376K, reserved 1179648K
  class space    used 9848K, committed 10624K, reserved 1048576K
GC Heap History (20 events):
Event: 705.045 GC heap before
{Heap before GC invocations=828 (full 4):
 PSYoungGen      total 5632K, used 5611K [0x00000000d5580000, 0x00000000d6000000, 0x0000000100000000)
  eden space 4608K, 100% used [0x00000000d5580000,0x00000000d5a00000,0x00000000d5a00000)
  from space 1024K, 97% used [0x00000000d5b80000,0x00000000d5c7ad98,0x00000000d5c80000)
  to   space 3072K, 0% used [0x00000000d5d00000,0x00000000d5d00000,0x00000000d6000000)
 ParOldGen       total 633856K, used 191405K [0x0000000080000000, 0x00000000a6b00000, 0x00000000d5580000)
  object space 633856K, 30% used [0x0000000080000000,0x000000008baeb7f0,0x00000000a6b00000)
 Metaspace       used 83553K, committed 85248K, reserved 1179648K
  class space    used 9845K, committed 10624K, reserved 1048576K
}
Event: 705.047 GC heap after
{Heap after GC invocations=828 (full 4):
 PSYoungGen      total 7680K, used 2719K [0x00000000d5580000, 0x00000000d6000000, 0x0000000100000000)
  eden space 4608K, 0% used [0x00000000d5580000,0x00000000d5580000,0x00000000d5a00000)
  from space 3072K, 88% used [0x00000000d5d00000,0x00000000d5fa7d70,0x00000000d6000000)
  to   space 3072K, 0% used [0x00000000d5a00000,0x00000000d5a00000,0x00000000d5d00000)
 ParOldGen       total 633856K, used 192067K [0x0000000080000000, 0x00000000a6b00000, 0x00000000d5580000)
  object space 633856K, 30% used [0x0000000080000000,0x000000008bb90f28,0x00000000a6b00000)
 Metaspace       used 83553K, committed 85248K, reserved 1179648K
  class space    used 9845K, committed 10624K, reserved 1048576K
}
Event: 705.067 GC heap before
{Heap before GC invocations=829 (full 4):
 PSYoungGen      total 7680K, used 7327K [0x00000000d5580000, 0x00000000d6000000, 0x0000000100000000)
  eden space 4608K, 100% used [0x00000000d5580000,0x00000000d5a00000,0x00000000d5a00000)
  from space 3072K, 88% used [0x00000000d5d00000,0x00000000d5fa7d70,0x00000000d6000000)
  to   space 3072K, 0% used [0x00000000d5a00000,0x00000000d5a00000,0x00000000d5d00000)
 ParOldGen       total 633856K, used 192067K [0x0000000080000000, 0x00000000a6b00000, 0x00000000d5580000)
  object space 633856K, 30% used [0x0000000080000000,0x000000008bb90f28,0x00000000a6b00000)
 Metaspace       used 83560K, committed 85248K, reserved 1179648K
  class space    used 9846K, committed 10624K, reserved 1048576K
}
Event: 705.068 GC heap after
{Heap after GC invocations=829 (full 4):
 PSYoungGen      total 6144K, used 1454K [0x00000000d5580000, 0x00000000d5e00000, 0x0000000100000000)
  eden space 4608K, 0% used [0x00000000d5580000,0x00000000d5580000,0x00000000d5a00000)
  from space 1536K, 94% used [0x00000000d5a00000,0x00000000d5b6bab8,0x00000000d5b80000)
  to   space 2048K, 0% used [0x00000000d5c00000,0x00000000d5c00000,0x00000000d5e00000)
 ParOldGen       total 633856K, used 192075K [0x0000000080000000, 0x00000000a6b00000, 0x00000000d5580000)
  object space 633856K, 30% used [0x0000000080000000,0x000000008bb92f28,0x00000000a6b00000)
 Metaspace       used 83560K, committed 85248K, reserved 1179648K
  class space    used 9846K, committed 10624K, reserved 1048576K
}
Event: 705.238 GC heap before
{Heap before GC invocations=830 (full 4):
 PSYoungGen      total 6144K, used 6062K [0x00000000d5580000, 0x00000000d5e00000, 0x0000000100000000)
  eden space 4608K, 100% used [0x00000000d5580000,0x00000000d5a00000,0x00000000d5a00000)
  from space 1536K, 94% used [0x00000000d5a00000,0x00000000d5b6bab8,0x00000000d5b80000)
  to   space 2048K, 0% used [0x00000000d5c00000,0x00000000d5c00000,0x00000000d5e00000)
 ParOldGen       total 633856K, used 192075K [0x0000000080000000, 0x00000000a6b00000, 0x00000000d5580000)
  object space 633856K, 30% used [0x0000000080000000,0x000000008bb92f28,0x00000000a6b00000)
 Metaspace       used 83563K, committed 85312K, reserved 1179648K
  class space    used 9846K, committed 10624K, reserved 1048576K
}
Event: 705.240 GC heap after
{Heap after GC invocations=830 (full 4):
 PSYoungGen      total 5632K, used 2018K [0x00000000d5580000, 0x00000000d6000000, 0x0000000100000000)
  eden space 3584K, 0% used [0x00000000d5580000,0x00000000d5580000,0x00000000d5900000)
  from space 2048K, 98% used [0x00000000d5c00000,0x00000000d5df8808,0x00000000d5e00000)
  to   space 3072K, 0% used [0x00000000d5900000,0x00000000d5900000,0x00000000d5c00000)
 ParOldGen       total 633856K, used 192467K [0x0000000080000000, 0x00000000a6b00000, 0x00000000d5580000)
  object space 633856K, 30% used [0x0000000080000000,0x000000008bbf4f28,0x00000000a6b00000)
 Metaspace       used 83563K, committed 85312K, reserved 1179648K
  class space    used 9846K, committed 10624K, reserved 1048576K
}
Event: 705.250 GC heap before
{Heap before GC invocations=831 (full 4):
 PSYoungGen      total 5632K, used 5602K [0x00000000d5580000, 0x00000000d6000000, 0x0000000100000000)
  eden space 3584K, 100% used [0x00000000d5580000,0x00000000d5900000,0x00000000d5900000)
  from space 2048K, 98% used [0x00000000d5c00000,0x00000000d5df8808,0x00000000d5e00000)
  to   space 3072K, 0% used [0x00000000d5900000,0x00000000d5900000,0x00000000d5c00000)
 ParOldGen       total 633856K, used 192467K [0x0000000080000000, 0x00000000a6b00000, 0x00000000d5580000)
  object space 633856K, 30% used [0x0000000080000000,0x000000008bbf4f28,0x00000000a6b00000)
 Metaspace       used 83563K, committed 85312K, reserved 1179648K
  class space    used 9846K, committed 10624K, reserved 1048576K
}
Event: 705.253 GC heap after
{Heap after GC invocations=831 (full 4):
 PSYoungGen      total 6656K, used 3071K [0x00000000d5580000, 0x00000000d6500000, 0x0000000100000000)
  eden space 3584K, 0% used [0x00000000d5580000,0x00000000d5580000,0x00000000d5900000)
  from space 3072K, 99% used [0x00000000d5900000,0x00000000d5bffd70,0x00000000d5c00000)
  to   space 6144K, 0% used [0x00000000d5f00000,0x00000000d5f00000,0x00000000d6500000)
 ParOldGen       total 633856K, used 194770K [0x0000000080000000, 0x00000000a6b00000, 0x00000000d5580000)
  object space 633856K, 30% used [0x0000000080000000,0x000000008be34bb0,0x00000000a6b00000)
 Metaspace       used 83563K, committed 85312K, reserved 1179648K
  class space    used 9846K, committed 10624K, reserved 1048576K
}
Event: 705.266 GC heap before
{Heap before GC invocations=832 (full 4):
 PSYoungGen      total 6656K, used 6655K [0x00000000d5580000, 0x00000000d6500000, 0x0000000100000000)
  eden space 3584K, 100% used [0x00000000d5580000,0x00000000d5900000,0x00000000d5900000)
  from space 3072K, 99% used [0x00000000d5900000,0x00000000d5bffd70,0x00000000d5c00000)
  to   space 6144K, 0% used [0x00000000d5f00000,0x00000000d5f00000,0x00000000d6500000)
 ParOldGen       total 633856K, used 194770K [0x0000000080000000, 0x00000000a6b00000, 0x00000000d5580000)
  object space 633856K, 30% used [0x0000000080000000,0x000000008be34bb0,0x00000000a6b00000)
 Metaspace       used 83565K, committed 85312K, reserved 1179648K
  class space    used 9846K, committed 10624K, reserved 1048576K
}
Event: 705.268 GC heap after
{Heap after GC invocations=832 (full 4):
 PSYoungGen      total 4608K, used 736K [0x00000000d5580000, 0x00000000d6000000, 0x0000000100000000)
  eden space 3584K, 0% used [0x00000000d5580000,0x00000000d5580000,0x00000000d5900000)
  from space 1024K, 71% used [0x00000000d5f00000,0x00000000d5fb8388,0x00000000d6000000)
  to   space 2560K, 0% used [0x00000000d5b00000,0x00000000d5b00000,0x00000000d5d80000)
 ParOldGen       total 633856K, used 196210K [0x0000000080000000, 0x00000000a6b00000, 0x00000000d5580000)
  object space 633856K, 30% used [0x0000000080000000,0x000000008bf9cbb0,0x00000000a6b00000)
 Metaspace       used 83565K, committed 85312K, reserved 1179648K
  class space    used 9846K, committed 10624K, reserved 1048576K
}
Event: 706.250 GC heap before
{Heap before GC invocations=833 (full 4):
 PSYoungGen      total 4608K, used 4320K [0x00000000d5580000, 0x00000000d6000000, 0x0000000100000000)
  eden space 3584K, 100% used [0x00000000d5580000,0x00000000d5900000,0x00000000d5900000)
  from space 1024K, 71% used [0x00000000d5f00000,0x00000000d5fb8388,0x00000000d6000000)
  to   space 2560K, 0% used [0x00000000d5b00000,0x00000000d5b00000,0x00000000d5d80000)
 ParOldGen       total 633856K, used 196210K [0x0000000080000000, 0x00000000a6b00000, 0x00000000d5580000)
  object space 633856K, 30% used [0x0000000080000000,0x000000008bf9cbb0,0x00000000a6b00000)
 Metaspace       used 83585K, committed 85312K, reserved 1179648K
  class space    used 9846K, committed 10624K, reserved 1048576K
}
Event: 706.251 GC heap after
{Heap after GC invocations=833 (full 4):
 PSYoungGen      total 6144K, used 246K [0x00000000d5580000, 0x00000000d5f80000, 0x0000000100000000)
  eden space 3584K, 0% used [0x00000000d5580000,0x00000000d5580000,0x00000000d5900000)
  from space 2560K, 9% used [0x00000000d5b00000,0x00000000d5b3db48,0x00000000d5d80000)
  to   space 1024K, 0% used [0x00000000d5e80000,0x00000000d5e80000,0x00000000d5f80000)
 ParOldGen       total 633856K, used 196234K [0x0000000080000000, 0x00000000a6b00000, 0x00000000d5580000)
  object space 633856K, 30% used [0x0000000080000000,0x000000008bfa2bb0,0x00000000a6b00000)
 Metaspace       used 83585K, committed 85312K, reserved 1179648K
  class space    used 9846K, committed 10624K, reserved 1048576K
}
Event: 706.725 GC heap before
{Heap before GC invocations=834 (full 4):
 PSYoungGen      total 6144K, used 3830K [0x00000000d5580000, 0x00000000d5f80000, 0x0000000100000000)
  eden space 3584K, 99% used [0x00000000d5580000,0x00000000d58ffff0,0x00000000d5900000)
  from space 2560K, 9% used [0x00000000d5b00000,0x00000000d5b3db48,0x00000000d5d80000)
  to   space 1024K, 0% used [0x00000000d5e80000,0x00000000d5e80000,0x00000000d5f80000)
 ParOldGen       total 633856K, used 196234K [0x0000000080000000, 0x00000000a6b00000, 0x00000000d5580000)
  object space 633856K, 30% used [0x0000000080000000,0x000000008bfa2bb0,0x00000000a6b00000)
 Metaspace       used 83599K, committed 85312K, reserved 1179648K
  class space    used 9847K, committed 10624K, reserved 1048576K
}
Event: 706.726 GC heap after
{Heap after GC invocations=834 (full 4):
 PSYoungGen      total 4608K, used 784K [0x00000000d5580000, 0x00000000d5f80000, 0x0000000100000000)
  eden space 3584K, 0% used [0x00000000d5580000,0x00000000d5580000,0x00000000d5900000)
  from space 1024K, 76% used [0x00000000d5e80000,0x00000000d5f44010,0x00000000d5f80000)
  to   space 1024K, 0% used [0x00000000d5d80000,0x00000000d5d80000,0x00000000d5e80000)
 ParOldGen       total 633856K, used 196266K [0x0000000080000000, 0x00000000a6b00000, 0x00000000d5580000)
  object space 633856K, 30% used [0x0000000080000000,0x000000008bfaabb0,0x00000000a6b00000)
 Metaspace       used 83599K, committed 85312K, reserved 1179648K
  class space    used 9847K, committed 10624K, reserved 1048576K
}
Event: 706.827 GC heap before
{Heap before GC invocations=835 (full 4):
 PSYoungGen      total 4608K, used 4368K [0x00000000d5580000, 0x00000000d5f80000, 0x0000000100000000)
  eden space 3584K, 100% used [0x00000000d5580000,0x00000000d5900000,0x00000000d5900000)
  from space 1024K, 76% used [0x00000000d5e80000,0x00000000d5f44010,0x00000000d5f80000)
  to   space 1024K, 0% used [0x00000000d5d80000,0x00000000d5d80000,0x00000000d5e80000)
 ParOldGen       total 633856K, used 196266K [0x0000000080000000, 0x00000000a6b00000, 0x00000000d5580000)
  object space 633856K, 30% used [0x0000000080000000,0x000000008bfaabb0,0x00000000a6b00000)
 Metaspace       used 83616K, committed 85312K, reserved 1179648K
  class space    used 9847K, committed 10624K, reserved 1048576K
}
Event: 706.828 GC heap after
{Heap after GC invocations=835 (full 4):
 PSYoungGen      total 4608K, used 352K [0x00000000d5580000, 0x00000000d5f00000, 0x0000000100000000)
  eden space 3584K, 0% used [0x00000000d5580000,0x00000000d5580000,0x00000000d5900000)
  from space 1024K, 34% used [0x00000000d5d80000,0x00000000d5dd8000,0x00000000d5e80000)
  to   space 512K, 0% used [0x00000000d5e80000,0x00000000d5e80000,0x00000000d5f00000)
 ParOldGen       total 633856K, used 196352K [0x0000000080000000, 0x00000000a6b00000, 0x00000000d5580000)
  object space 633856K, 30% used [0x0000000080000000,0x000000008bfc00f8,0x00000000a6b00000)
 Metaspace       used 83616K, committed 85312K, reserved 1179648K
  class space    used 9847K, committed 10624K, reserved 1048576K
}
Event: 706.845 GC heap before
{Heap before GC invocations=836 (full 4):
 PSYoungGen      total 4608K, used 3936K [0x00000000d5580000, 0x00000000d5f00000, 0x0000000100000000)
  eden space 3584K, 100% used [0x00000000d5580000,0x00000000d5900000,0x00000000d5900000)
  from space 1024K, 34% used [0x00000000d5d80000,0x00000000d5dd8000,0x00000000d5e80000)
  to   space 512K, 0% used [0x00000000d5e80000,0x00000000d5e80000,0x00000000d5f00000)
 ParOldGen       total 633856K, used 196352K [0x0000000080000000, 0x00000000a6b00000, 0x00000000d5580000)
  object space 633856K, 30% used [0x0000000080000000,0x000000008bfc00f8,0x00000000a6b00000)
 Metaspace       used 83630K, committed 85376K, reserved 1179648K
  class space    used 9848K, committed 10624K, reserved 1048576K
}
Event: 706.847 GC heap after
{Heap after GC invocations=836 (full 4):
 PSYoungGen      total 4096K, used 512K [0x00000000d5580000, 0x00000000d5f00000, 0x0000000100000000)
  eden space 3584K, 0% used [0x00000000d5580000,0x00000000d5580000,0x00000000d5900000)
  from space 512K, 100% used [0x00000000d5e80000,0x00000000d5f00000,0x00000000d5f00000)
  to   space 1536K, 0% used [0x00000000d5c00000,0x00000000d5c00000,0x00000000d5d80000)
 ParOldGen       total 633856K, used 196934K [0x0000000080000000, 0x00000000a6b00000, 0x00000000d5580000)
  object space 633856K, 31% used [0x0000000080000000,0x000000008c051808,0x00000000a6b00000)
 Metaspace       used 83630K, committed 85376K, reserved 1179648K
  class space    used 9848K, committed 10624K, reserved 1048576K
}
Event: 706.862 GC heap before
{Heap before GC invocations=837 (full 4):
 PSYoungGen      total 4096K, used 4096K [0x00000000d5580000, 0x00000000d5f00000, 0x0000000100000000)
  eden space 3584K, 100% used [0x00000000d5580000,0x00000000d5900000,0x00000000d5900000)
  from space 512K, 100% used [0x00000000d5e80000,0x00000000d5f00000,0x00000000d5f00000)
  to   space 1536K, 0% used [0x00000000d5c00000,0x00000000d5c00000,0x00000000d5d80000)
 ParOldGen       total 633856K, used 196934K [0x0000000080000000, 0x00000000a6b00000, 0x00000000d5580000)
  object space 633856K, 31% used [0x0000000080000000,0x000000008c051808,0x00000000a6b00000)
 Metaspace       used 83640K, committed 85376K, reserved 1179648K
  class space    used 9848K, committed 10624K, reserved 1048576K
}
Event: 706.864 GC heap after
{Heap after GC invocations=837 (full 4):
 PSYoungGen      total 5120K, used 990K [0x00000000d5580000, 0x00000000d5f00000, 0x0000000100000000)
  eden space 3584K, 0% used [0x00000000d5580000,0x00000000d5580000,0x00000000d5900000)
  from space 1536K, 64% used [0x00000000d5c00000,0x00000000d5cf7a40,0x00000000d5d80000)
  to   space 1024K, 0% used [0x00000000d5e00000,0x00000000d5e00000,0x00000000d5f00000)
 ParOldGen       total 633856K, used 197443K [0x0000000080000000, 0x00000000a6b00000, 0x00000000d5580000)
  object space 633856K, 31% used [0x0000000080000000,0x000000008c0d0f10,0x00000000a6b00000)
 Metaspace       used 83640K, committed 85376K, reserved 1179648K
  class space    used 9848K, committed 10624K, reserved 1048576K
}

