# JRE version: OpenJDK Runtime Environment Temurin-21.0.10+7 (21.0.10+7) (build 21.0.10+7-LTS)
# Java VM: OpenJDK 64-Bit Server VM Temurin-21.0.10+7 (21.0.10+7-LTS, mixed mode, sharing, tiered, compressed oops, compressed class ptrs, parallel gc, windows-amd64)
GC Precious Log:
 CardTable entry size: 512
 CPUs: 12 total, 12 available
 Memory: 16091M
 Large Page Support: Disabled
 NUMA Support: Disabled
 Compressed Oops: Enabled (32-bit)
 Alignments: Space 512K, Generation 512K, Heap 2M
 Heap Min Capacity: 100M
 Heap Initial Capacity: 100M
 Heap Max Capacity: 2G
 Pre-touch: Disabled
 Parallel Workers: 10
Heap:
 PSYoungGen      total 4608K, used 3926K [0x00000000d5580000, 0x00000000d5d80000, 0x0000000100000000)
  eden space 4096K, 90% used [0x00000000d5580000,0x00000000d591da38,0x00000000d5980000)
  from space 512K, 43% used [0x00000000d5c80000,0x00000000d5cb8000,0x00000000d5d00000)
  to   space 512K, 0% used [0x00000000d5d00000,0x00000000d5d00000,0x00000000d5d80000)
 ParOldGen       total 144384K, used 72651K [0x0000000080000000, 0x0000000088d00000, 0x00000000d5580000)
  object space 144384K, 50% used [0x0000000080000000,0x00000000846f2d58,0x0000000088d00000)
 Metaspace       used 90202K, committed 92480K, reserved 1179648K
  class space    used 10525K, committed 11392K, reserved 1048576K
GC Heap History (20 events):
Event: 2476.964 GC heap before
{Heap before GC invocations=138 (full 3):
 PSYoungGen      total 7680K, used 7391K [0x00000000d5580000, 0x00000000d6200000, 0x0000000100000000)
  eden space 4096K, 99% used [0x00000000d5580000,0x00000000d597fef8,0x00000000d5980000)
  from space 3584K, 91% used [0x00000000d5e80000,0x00000000d61b7d70,0x00000000d6200000)
  to   space 4096K, 0% used [0x00000000d5a00000,0x00000000d5a00000,0x00000000d5e00000)
 ParOldGen       total 142336K, used 142017K [0x0000000080000000, 0x0000000088b00000, 0x00000000d5580000)
  object space 142336K, 99% used [0x0000000080000000,0x0000000088ab04c0,0x0000000088b00000)
 Metaspace       used 90638K, committed 92288K, reserved 1179648K
  class space    used 10662K, committed 11392K, reserved 1048576K
}
Event: 2476.966 GC heap after
{Heap after GC invocations=138 (full 3):
 PSYoungGen      total 4608K, used 368K [0x00000000d5580000, 0x00000000d5f00000, 0x0000000100000000)
  eden space 4096K, 0% used [0x00000000d5580000,0x00000000d5580000,0x00000000d5980000)
  from space 512K, 71% used [0x00000000d5a00000,0x00000000d5a5c010,0x00000000d5a80000)
  to   space 1536K, 0% used [0x00000000d5d80000,0x00000000d5d80000,0x00000000d5f00000)
 ParOldGen       total 142848K, used 142601K [0x0000000080000000, 0x0000000088b80000, 0x00000000d5580000)
  object space 142848K, 99% used [0x0000000080000000,0x0000000088b424c0,0x0000000088b80000)
 Metaspace       used 90638K, committed 92288K, reserved 1179648K
  class space    used 10662K, committed 11392K, reserved 1048576K
}
Event: 2477.268 GC heap before
{Heap before GC invocations=139 (full 3):
 PSYoungGen      total 4608K, used 4464K [0x00000000d5580000, 0x00000000d5f00000, 0x0000000100000000)
  eden space 4096K, 100% used [0x00000000d5580000,0x00000000d5980000,0x00000000d5980000)
  from space 512K, 71% used [0x00000000d5a00000,0x00000000d5a5c010,0x00000000d5a80000)
  to   space 1536K, 0% used [0x00000000d5d80000,0x00000000d5d80000,0x00000000d5f00000)
 ParOldGen       total 142848K, used 142601K [0x0000000080000000, 0x0000000088b80000, 0x00000000d5580000)
  object space 142848K, 99% used [0x0000000080000000,0x0000000088b424c0,0x0000000088b80000)
 Metaspace       used 90650K, committed 92288K, reserved 1179648K
  class space    used 10662K, committed 11392K, reserved 1048576K
}
Event: 2477.270 GC heap after
{Heap after GC invocations=139 (full 3):
 PSYoungGen      total 4608K, used 320K [0x00000000d5580000, 0x00000000d5e00000, 0x0000000100000000)
  eden space 4096K, 0% used [0x00000000d5580000,0x00000000d5580000,0x00000000d5980000)
  from space 512K, 62% used [0x00000000d5d80000,0x00000000d5dd0000,0x00000000d5e00000)
  to   space 1024K, 0% used [0x00000000d5c00000,0x00000000d5c00000,0x00000000d5d00000)
 ParOldGen       total 142848K, used 142671K [0x0000000080000000, 0x0000000088b80000, 0x00000000d5580000)
  object space 142848K, 99% used [0x0000000080000000,0x0000000088b53fc8,0x0000000088b80000)
 Metaspace       used 90650K, committed 92288K, reserved 1179648K
  class space    used 10662K, committed 11392K, reserved 1048576K
}
Event: 2478.060 GC heap before
{Heap before GC invocations=140 (full 3):
 PSYoungGen      total 4608K, used 4416K [0x00000000d5580000, 0x00000000d5e00000, 0x0000000100000000)
  eden space 4096K, 100% used [0x00000000d5580000,0x00000000d5980000,0x00000000d5980000)
  from space 512K, 62% used [0x00000000d5d80000,0x00000000d5dd0000,0x00000000d5e00000)
  to   space 1024K, 0% used [0x00000000d5c00000,0x00000000d5c00000,0x00000000d5d00000)
 ParOldGen       total 142848K, used 142671K [0x0000000080000000, 0x0000000088b80000, 0x00000000d5580000)
  object space 142848K, 99% used [0x0000000080000000,0x0000000088b53fc8,0x0000000088b80000)
 Metaspace       used 90716K, committed 92416K, reserved 1179648K
  class space    used 10666K, committed 11392K, reserved 1048576K
}
Event: 2478.061 GC heap after
{Heap after GC invocations=140 (full 3):
 PSYoungGen      total 5120K, used 784K [0x00000000d5580000, 0x00000000d5e00000, 0x0000000100000000)
  eden space 4096K, 0% used [0x00000000d5580000,0x00000000d5580000,0x00000000d5980000)
  from space 1024K, 76% used [0x00000000d5c00000,0x00000000d5cc4010,0x00000000d5d00000)
  to   space 1024K, 0% used [0x00000000d5d00000,0x00000000d5d00000,0x00000000d5e00000)
 ParOldGen       total 142848K, used 142719K [0x0000000080000000, 0x0000000088b80000, 0x00000000d5580000)
  object space 142848K, 99% used [0x0000000080000000,0x0000000088b5ffc8,0x0000000088b80000)
 Metaspace       used 90716K, committed 92416K, reserved 1179648K
  class space    used 10666K, committed 11392K, reserved 1048576K
}
Event: 2478.115 GC heap before
{Heap before GC invocations=141 (full 3):
 PSYoungGen      total 5120K, used 4880K [0x00000000d5580000, 0x00000000d5e00000, 0x0000000100000000)
  eden space 4096K, 100% used [0x00000000d5580000,0x00000000d5980000,0x00000000d5980000)
  from space 1024K, 76% used [0x00000000d5c00000,0x00000000d5cc4010,0x00000000d5d00000)
  to   space 1024K, 0% used [0x00000000d5d00000,0x00000000d5d00000,0x00000000d5e00000)
 ParOldGen       total 142848K, used 142719K [0x0000000080000000, 0x0000000088b80000, 0x00000000d5580000)
  object space 142848K, 99% used [0x0000000080000000,0x0000000088b5ffc8,0x0000000088b80000)
 Metaspace       used 90741K, committed 92416K, reserved 1179648K
  class space    used 10669K, committed 11392K, reserved 1048576K
}
Event: 2478.117 GC heap after
{Heap after GC invocations=141 (full 3):
 PSYoungGen      total 5120K, used 722K [0x00000000d5580000, 0x00000000d5e00000, 0x0000000100000000)
  eden space 4096K, 0% used [0x00000000d5580000,0x00000000d5580000,0x00000000d5980000)
  from space 1024K, 70% used [0x00000000d5d00000,0x00000000d5db4b18,0x00000000d5e00000)
  to   space 1024K, 0% used [0x00000000d5c00000,0x00000000d5c00000,0x00000000d5d00000)
 ParOldGen       total 143872K, used 143362K [0x0000000080000000, 0x0000000088c80000, 0x00000000d5580000)
  object space 143872K, 99% used [0x0000000080000000,0x0000000088c008e8,0x0000000088c80000)
 Metaspace       used 90741K, committed 92416K, reserved 1179648K
  class space    used 10669K, committed 11392K, reserved 1048576K
}
Event: 2478.847 GC heap before
{Heap before GC invocations=142 (full 3):
 PSYoungGen      total 5120K, used 4818K [0x00000000d5580000, 0x00000000d5e00000, 0x0000000100000000)
  eden space 4096K, 100% used [0x00000000d5580000,0x00000000d5980000,0x00000000d5980000)
  from space 1024K, 70% used [0x00000000d5d00000,0x00000000d5db4b18,0x00000000d5e00000)
  to   space 1024K, 0% used [0x00000000d5c00000,0x00000000d5c00000,0x00000000d5d00000)
 ParOldGen       total 143872K, used 143362K [0x0000000080000000, 0x0000000088c80000, 0x00000000d5580000)
  object space 143872K, 99% used [0x0000000080000000,0x0000000088c008e8,0x0000000088c80000)
 Metaspace       used 90763K, committed 92416K, reserved 1179648K
  class space    used 10669K, committed 11392K, reserved 1048576K
}
Event: 2478.848 GC heap after
{Heap after GC invocations=142 (full 3):
 PSYoungGen      total 5120K, used 256K [0x00000000d5580000, 0x00000000d5d80000, 0x0000000100000000)
  eden space 4096K, 0% used [0x00000000d5580000,0x00000000d5580000,0x00000000d5980000)
  from space 1024K, 25% used [0x00000000d5c00000,0x00000000d5c40000,0x00000000d5d00000)
  to   space 512K, 0% used [0x00000000d5d00000,0x00000000d5d00000,0x00000000d5d80000)
 ParOldGen       total 144384K, used 143933K [0x0000000080000000, 0x0000000088d00000, 0x00000000d5580000)
  object space 144384K, 99% used [0x0000000080000000,0x0000000088c8f400,0x0000000088d00000)
 Metaspace       used 90763K, committed 92416K, reserved 1179648K
  class space    used 10669K, committed 11392K, reserved 1048576K
}
Event: 2482.052 GC heap before
{Heap before GC invocations=143 (full 3):
 PSYoungGen      total 5120K, used 4352K [0x00000000d5580000, 0x00000000d5d80000, 0x0000000100000000)
  eden space 4096K, 100% used [0x00000000d5580000,0x00000000d5980000,0x00000000d5980000)
  from space 1024K, 25% used [0x00000000d5c00000,0x00000000d5c40000,0x00000000d5d00000)
  to   space 512K, 0% used [0x00000000d5d00000,0x00000000d5d00000,0x00000000d5d80000)
 ParOldGen       total 144384K, used 143933K [0x0000000080000000, 0x0000000088d00000, 0x00000000d5580000)
  object space 144384K, 99% used [0x0000000080000000,0x0000000088c8f400,0x0000000088d00000)
 Metaspace       used 90779K, committed 92480K, reserved 1179648K
  class space    used 10671K, committed 11392K, reserved 1048576K
}
Event: 2482.053 GC heap after
{Heap after GC invocations=143 (full 3):
 PSYoungGen      total 4608K, used 256K [0x00000000d5580000, 0x00000000d5d80000, 0x0000000100000000)
  eden space 4096K, 0% used [0x00000000d5580000,0x00000000d5580000,0x00000000d5980000)
  from space 512K, 50% used [0x00000000d5d00000,0x00000000d5d40000,0x00000000d5d80000)
  to   space 512K, 0% used [0x00000000d5c80000,0x00000000d5c80000,0x00000000d5d00000)
 ParOldGen       total 144384K, used 143981K [0x0000000080000000, 0x0000000088d00000, 0x00000000d5580000)
  object space 144384K, 99% used [0x0000000080000000,0x0000000088c9b400,0x0000000088d00000)
 Metaspace       used 90779K, committed 92480K, reserved 1179648K
  class space    used 10671K, committed 11392K, reserved 1048576K
}
Event: 2482.115 GC heap before
{Heap before GC invocations=144 (full 3):
 PSYoungGen      total 4608K, used 4352K [0x00000000d5580000, 0x00000000d5d80000, 0x0000000100000000)
  eden space 4096K, 100% used [0x00000000d5580000,0x00000000d5980000,0x00000000d5980000)
  from space 512K, 50% used [0x00000000d5d00000,0x00000000d5d40000,0x00000000d5d80000)
  to   space 512K, 0% used [0x00000000d5c80000,0x00000000d5c80000,0x00000000d5d00000)
 ParOldGen       total 144384K, used 143981K [0x0000000080000000, 0x0000000088d00000, 0x00000000d5580000)
  object space 144384K, 99% used [0x0000000080000000,0x0000000088c9b400,0x0000000088d00000)
 Metaspace       used 90789K, committed 92480K, reserved 1179648K
  class space    used 10671K, committed 11392K, reserved 1048576K
}
Event: 2482.115 GC heap after
{Heap after GC invocations=144 (full 3):
 PSYoungGen      total 4608K, used 288K [0x00000000d5580000, 0x00000000d5d80000, 0x0000000100000000)
  eden space 4096K, 0% used [0x00000000d5580000,0x00000000d5580000,0x00000000d5980000)
  from space 512K, 56% used [0x00000000d5c80000,0x00000000d5cc8000,0x00000000d5d00000)
  to   space 512K, 0% used [0x00000000d5d00000,0x00000000d5d00000,0x00000000d5d80000)
 ParOldGen       total 144384K, used 144037K [0x0000000080000000, 0x0000000088d00000, 0x00000000d5580000)
  object space 144384K, 99% used [0x0000000080000000,0x0000000088ca9400,0x0000000088d00000)
 Metaspace       used 90789K, committed 92480K, reserved 1179648K
  class space    used 10671K, committed 11392K, reserved 1048576K
}
Event: 2482.211 GC heap before
{Heap before GC invocations=145 (full 3):
 PSYoungGen      total 4608K, used 2339K [0x00000000d5580000, 0x00000000d5d80000, 0x0000000100000000)
  eden space 4096K, 50% used [0x00000000d5580000,0x00000000d5780dd8,0x00000000d5980000)
  from space 512K, 56% used [0x00000000d5c80000,0x00000000d5cc8000,0x00000000d5d00000)
  to   space 512K, 0% used [0x00000000d5d00000,0x00000000d5d00000,0x00000000d5d80000)
 ParOldGen       total 144384K, used 144037K [0x0000000080000000, 0x0000000088d00000, 0x00000000d5580000)
  object space 144384K, 99% used [0x0000000080000000,0x0000000088ca9400,0x0000000088d00000)
 Metaspace       used 90807K, committed 92480K, reserved 1179648K
  class space    used 10672K, committed 11392K, reserved 1048576K
}
Event: 2482.212 GC heap after
{Heap after GC invocations=145 (full 3):
 PSYoungGen      total 4608K, used 224K [0x00000000d5580000, 0x00000000d5d80000, 0x0000000100000000)
  eden space 4096K, 0% used [0x00000000d5580000,0x00000000d5580000,0x00000000d5980000)
  from space 512K, 43% used [0x00000000d5d00000,0x00000000d5d38000,0x00000000d5d80000)
  to   space 512K, 0% used [0x00000000d5c80000,0x00000000d5c80000,0x00000000d5d00000)
 ParOldGen       total 144384K, used 144077K [0x0000000080000000, 0x0000000088d00000, 0x00000000d5580000)
  object space 144384K, 99% used [0x0000000080000000,0x0000000088cb3400,0x0000000088d00000)
 Metaspace       used 90807K, committed 92480K, reserved 1179648K
  class space    used 10672K, committed 11392K, reserved 1048576K
}
Event: 2482.212 GC heap before
{Heap before GC invocations=146 (full 4):
 PSYoungGen      total 4608K, used 224K [0x00000000d5580000, 0x00000000d5d80000, 0x0000000100000000)
  eden space 4096K, 0% used [0x00000000d5580000,0x00000000d5580000,0x00000000d5980000)
  from space 512K, 43% used [0x00000000d5d00000,0x00000000d5d38000,0x00000000d5d80000)
  to   space 512K, 0% used [0x00000000d5c80000,0x00000000d5c80000,0x00000000d5d00000)
 ParOldGen       total 144384K, used 144077K [0x0000000080000000, 0x0000000088d00000, 0x00000000d5580000)
  object space 144384K, 99% used [0x0000000080000000,0x0000000088cb3400,0x0000000088d00000)
 Metaspace       used 90807K, committed 92480K, reserved 1179648K
  class space    used 10672K, committed 11392K, reserved 1048576K
}
Event: 2482.367 GC heap after
{Heap after GC invocations=146 (full 4):
 PSYoungGen      total 4608K, used 0K [0x00000000d5580000, 0x00000000d5d80000, 0x0000000100000000)
  eden space 4096K, 0% used [0x00000000d5580000,0x00000000d5580000,0x00000000d5980000)
  from space 512K, 0% used [0x00000000d5d00000,0x00000000d5d00000,0x00000000d5d80000)
  to   space 512K, 0% used [0x00000000d5c80000,0x00000000d5c80000,0x00000000d5d00000)
 ParOldGen       total 144384K, used 72643K [0x0000000080000000, 0x0000000088d00000, 0x00000000d5580000)
  object space 144384K, 50% used [0x0000000080000000,0x00000000846f0d58,0x0000000088d00000)
 Metaspace       used 90175K, committed 92480K, reserved 1179648K
  class space    used 10525K, committed 11392K, reserved 1048576K
}
Event: 2483.882 GC heap before
{Heap before GC invocations=147 (full 4):
 PSYoungGen      total 4608K, used 4096K [0x00000000d5580000, 0x00000000d5d80000, 0x0000000100000000)
  eden space 4096K, 100% used [0x00000000d5580000,0x00000000d5980000,0x00000000d5980000)
  from space 512K, 0% used [0x00000000d5d00000,0x00000000d5d00000,0x00000000d5d80000)
  to   space 512K, 0% used [0x00000000d5c80000,0x00000000d5c80000,0x00000000d5d00000)
 ParOldGen       total 144384K, used 72643K [0x0000000080000000, 0x0000000088d00000, 0x00000000d5580000)
  object space 144384K, 50% used [0x0000000080000000,0x00000000846f0d58,0x0000000088d00000)
 Metaspace       used 90198K, committed 92480K, reserved 1179648K
  class space    used 10525K, committed 11392K, reserved 1048576K
}
Event: 2483.884 GC heap after
{Heap after GC invocations=147 (full 4):
 PSYoungGen      total 4608K, used 224K [0x00000000d5580000, 0x00000000d5d80000, 0x0000000100000000)
  eden space 4096K, 0% used [0x00000000d5580000,0x00000000d5580000,0x00000000d5980000)
  from space 512K, 43% used [0x00000000d5c80000,0x00000000d5cb8000,0x00000000d5d00000)
  to   space 512K, 0% used [0x00000000d5d00000,0x00000000d5d00000,0x00000000d5d80000)
 ParOldGen       total 144384K, used 72651K [0x0000000080000000, 0x0000000088d00000, 0x00000000d5580000)
  object space 144384K, 50% used [0x0000000080000000,0x00000000846f2d58,0x0000000088d00000)
 Metaspace       used 90198K, committed 92480K, reserved 1179648K
  class space    used 10525K, committed 11392K, reserved 1048576K
}

