# JRE version: OpenJDK Runtime Environment Temurin-21.0.10+7 (21.0.10+7) (build 21.0.10+7-LTS)
# Java VM: OpenJDK 64-Bit Server VM Temurin-21.0.10+7 (21.0.10+7-LTS, mixed mode, sharing, tiered, compressed oops, compressed class ptrs, parallel gc, windows-amd64)
GC Precious Log:
 CardTable entry size: 512
 CPUs: 12 total, 12 available
 Memory: 16091M
 Large Page Support: Disabled
 NUMA Support: Disabled
 Compressed Oops: Enabled (32-bit)
 Alignments: Space 512K, Generation 512K, Heap 2M
 Heap Min Capacity: 100M
 Heap Initial Capacity: 100M
 Heap Max Capacity: 2G
 Pre-touch: Disabled
 Parallel Workers: 10
Heap:
 PSYoungGen      total 21504K, used 11189K [0x00000000d5580000, 0x00000000d6e00000, 0x0000000100000000)
  eden space 19968K, 54% used [0x00000000d5580000,0x00000000d60256c0,0x00000000d6900000)
  from space 1536K, 18% used [0x00000000d6b00000,0x00000000d6b48000,0x00000000d6c80000)
  to   space 512K, 0% used [0x00000000d6d80000,0x00000000d6d80000,0x00000000d6e00000)
 ParOldGen       total 154624K, used 102387K [0x0000000080000000, 0x0000000089700000, 0x00000000d5580000)
  object space 154624K, 66% used [0x0000000080000000,0x00000000863fcf50,0x0000000089700000)
 Metaspace       used 84186K, committed 86528K, reserved 1179648K
  class space    used 9841K, committed 10752K, reserved 1048576K
GC Heap History (20 events):
Event: 28020.584 GC heap before
{Heap before GC invocations=100 (full 3):
 PSYoungGen      total 20480K, used 20288K [0x00000000d5580000, 0x00000000d6c80000, 0x0000000100000000)
  eden space 19968K, 100% used [0x00000000d5580000,0x00000000d6900000,0x00000000d6900000)
  from space 512K, 62% used [0x00000000d6c00000,0x00000000d6c50000,0x00000000d6c80000)
  to   space 512K, 0% used [0x00000000d6b80000,0x00000000d6b80000,0x00000000d6c00000)
 ParOldGen       total 150016K, used 149694K [0x0000000080000000, 0x0000000089280000, 0x00000000d5580000)
  object space 150016K, 99% used [0x0000000080000000,0x000000008922fbe8,0x0000000089280000)
 Metaspace       used 84139K, committed 85888K, reserved 1179648K
  class space    used 9936K, committed 10688K, reserved 1048576K
}
Event: 28020.586 GC heap after
{Heap after GC invocations=100 (full 3):
 PSYoungGen      total 20480K, used 288K [0x00000000d5580000, 0x00000000d6c80000, 0x0000000100000000)
  eden space 19968K, 0% used [0x00000000d5580000,0x00000000d5580000,0x00000000d6900000)
  from space 512K, 56% used [0x00000000d6b80000,0x00000000d6bc8000,0x00000000d6c00000)
  to   space 512K, 0% used [0x00000000d6c00000,0x00000000d6c00000,0x00000000d6c80000)
 ParOldGen       total 150016K, used 149849K [0x0000000080000000, 0x0000000089280000, 0x00000000d5580000)
  object space 150016K, 99% used [0x0000000080000000,0x00000000892565c8,0x0000000089280000)
 Metaspace       used 84139K, committed 85888K, reserved 1179648K
  class space    used 9936K, committed 10688K, reserved 1048576K
}
Event: 28062.444 GC heap before
{Heap before GC invocations=101 (full 3):
 PSYoungGen      total 20480K, used 20256K [0x00000000d5580000, 0x00000000d6c80000, 0x0000000100000000)
  eden space 19968K, 100% used [0x00000000d5580000,0x00000000d6900000,0x00000000d6900000)
  from space 512K, 56% used [0x00000000d6b80000,0x00000000d6bc8000,0x00000000d6c00000)
  to   space 512K, 0% used [0x00000000d6c00000,0x00000000d6c00000,0x00000000d6c80000)
 ParOldGen       total 150016K, used 149849K [0x0000000080000000, 0x0000000089280000, 0x00000000d5580000)
  object space 150016K, 99% used [0x0000000080000000,0x00000000892565c8,0x0000000089280000)
 Metaspace       used 84263K, committed 85952K, reserved 1179648K
  class space    used 9937K, committed 10688K, reserved 1048576K
}
Event: 28062.445 GC heap after
{Heap after GC invocations=101 (full 3):
 PSYoungGen      total 20480K, used 512K [0x00000000d5580000, 0x00000000d6c80000, 0x0000000100000000)
  eden space 19968K, 0% used [0x00000000d5580000,0x00000000d5580000,0x00000000d6900000)
  from space 512K, 100% used [0x00000000d6c00000,0x00000000d6c80000,0x00000000d6c80000)
  to   space 1024K, 0% used [0x00000000d6a80000,0x00000000d6a80000,0x00000000d6b80000)
 ParOldGen       total 150016K, used 149905K [0x0000000080000000, 0x0000000089280000, 0x00000000d5580000)
  object space 150016K, 99% used [0x0000000080000000,0x00000000892645c8,0x0000000089280000)
 Metaspace       used 84263K, committed 85952K, reserved 1179648K
  class space    used 9937K, committed 10688K, reserved 1048576K
}
Event: 28063.592 GC heap before
{Heap before GC invocations=102 (full 3):
 PSYoungGen      total 20480K, used 20480K [0x00000000d5580000, 0x00000000d6c80000, 0x0000000100000000)
  eden space 19968K, 100% used [0x00000000d5580000,0x00000000d6900000,0x00000000d6900000)
  from space 512K, 100% used [0x00000000d6c00000,0x00000000d6c80000,0x00000000d6c80000)
  to   space 1024K, 0% used [0x00000000d6a80000,0x00000000d6a80000,0x00000000d6b80000)
 ParOldGen       total 150016K, used 149905K [0x0000000080000000, 0x0000000089280000, 0x00000000d5580000)
  object space 150016K, 99% used [0x0000000080000000,0x00000000892645c8,0x0000000089280000)
 Metaspace       used 84315K, committed 86016K, reserved 1179648K
  class space    used 9937K, committed 10688K, reserved 1048576K
}
Event: 28063.600 GC heap after
{Heap after GC invocations=102 (full 3):
 PSYoungGen      total 20992K, used 256K [0x00000000d5580000, 0x00000000d6c80000, 0x0000000100000000)
  eden space 19968K, 0% used [0x00000000d5580000,0x00000000d5580000,0x00000000d6900000)
  from space 1024K, 25% used [0x00000000d6a80000,0x00000000d6ac0000,0x00000000d6b80000)
  to   space 512K, 0% used [0x00000000d6c00000,0x00000000d6c00000,0x00000000d6c80000)
 ParOldGen       total 150528K, used 150275K [0x0000000080000000, 0x0000000089300000, 0x00000000d5580000)
  object space 150528K, 99% used [0x0000000080000000,0x00000000892c0d08,0x0000000089300000)
 Metaspace       used 84315K, committed 86016K, reserved 1179648K
  class space    used 9937K, committed 10688K, reserved 1048576K
}
Event: 28063.776 GC heap before
{Heap before GC invocations=103 (full 3):
 PSYoungGen      total 20992K, used 20224K [0x00000000d5580000, 0x00000000d6c80000, 0x0000000100000000)
  eden space 19968K, 100% used [0x00000000d5580000,0x00000000d6900000,0x00000000d6900000)
  from space 1024K, 25% used [0x00000000d6a80000,0x00000000d6ac0000,0x00000000d6b80000)
  to   space 512K, 0% used [0x00000000d6c00000,0x00000000d6c00000,0x00000000d6c80000)
 ParOldGen       total 150528K, used 150275K [0x0000000080000000, 0x0000000089300000, 0x00000000d5580000)
  object space 150528K, 99% used [0x0000000080000000,0x00000000892c0d08,0x0000000089300000)
 Metaspace       used 84319K, committed 86016K, reserved 1179648K
  class space    used 9937K, committed 10688K, reserved 1048576K
}
Event: 28063.776 GC heap after
{Heap after GC invocations=103 (full 3):
 PSYoungGen      total 20480K, used 256K [0x00000000d5580000, 0x00000000d6c80000, 0x0000000100000000)
  eden space 19968K, 0% used [0x00000000d5580000,0x00000000d5580000,0x00000000d6900000)
  from space 512K, 50% used [0x00000000d6c00000,0x00000000d6c40000,0x00000000d6c80000)
  to   space 512K, 0% used [0x00000000d6b80000,0x00000000d6b80000,0x00000000d6c00000)
 ParOldGen       total 150528K, used 150339K [0x0000000080000000, 0x0000000089300000, 0x00000000d5580000)
  object space 150528K, 99% used [0x0000000080000000,0x00000000892d0d08,0x0000000089300000)
 Metaspace       used 84319K, committed 86016K, reserved 1179648K
  class space    used 9937K, committed 10688K, reserved 1048576K
}
Event: 28084.510 GC heap before
{Heap before GC invocations=104 (full 3):
 PSYoungGen      total 20480K, used 20224K [0x00000000d5580000, 0x00000000d6c80000, 0x0000000100000000)
  eden space 19968K, 100% used [0x00000000d5580000,0x00000000d6900000,0x00000000d6900000)
  from space 512K, 50% used [0x00000000d6c00000,0x00000000d6c40000,0x00000000d6c80000)
  to   space 512K, 0% used [0x00000000d6b80000,0x00000000d6b80000,0x00000000d6c00000)
 ParOldGen       total 150528K, used 150339K [0x0000000080000000, 0x0000000089300000, 0x00000000d5580000)
  object space 150528K, 99% used [0x0000000080000000,0x00000000892d0d08,0x0000000089300000)
 Metaspace       used 84470K, committed 86208K, reserved 1179648K
  class space    used 9943K, committed 10752K, reserved 1048576K
}
Event: 28084.511 GC heap after
{Heap after GC invocations=104 (full 3):
 PSYoungGen      total 20480K, used 504K [0x00000000d5580000, 0x00000000d6c80000, 0x0000000100000000)
  eden space 19968K, 0% used [0x00000000d5580000,0x00000000d5580000,0x00000000d6900000)
  from space 512K, 98% used [0x00000000d6b80000,0x00000000d6bfe2d8,0x00000000d6c00000)
  to   space 512K, 0% used [0x00000000d6c00000,0x00000000d6c00000,0x00000000d6c80000)
 ParOldGen       total 151552K, used 151164K [0x0000000080000000, 0x0000000089400000, 0x00000000d5580000)
  object space 151552K, 99% used [0x0000000080000000,0x000000008939f0d0,0x0000000089400000)
 Metaspace       used 84470K, committed 86208K, reserved 1179648K
  class space    used 9943K, committed 10752K, reserved 1048576K
}
Event: 28158.238 GC heap before
{Heap before GC invocations=105 (full 3):
 PSYoungGen      total 20480K, used 20383K [0x00000000d5580000, 0x00000000d6c80000, 0x0000000100000000)
  eden space 19968K, 99% used [0x00000000d5580000,0x00000000d68e99b8,0x00000000d6900000)
  from space 512K, 98% used [0x00000000d6b80000,0x00000000d6bfe2d8,0x00000000d6c00000)
  to   space 512K, 0% used [0x00000000d6c00000,0x00000000d6c00000,0x00000000d6c80000)
 ParOldGen       total 151552K, used 151164K [0x0000000080000000, 0x0000000089400000, 0x00000000d5580000)
  object space 151552K, 99% used [0x0000000080000000,0x000000008939f0d0,0x0000000089400000)
 Metaspace       used 84835K, committed 86528K, reserved 1179648K
  class space    used 9994K, committed 10752K, reserved 1048576K
}
Event: 28158.243 GC heap after
{Heap after GC invocations=105 (full 3):
 PSYoungGen      total 20480K, used 480K [0x00000000d5580000, 0x00000000d6c80000, 0x0000000100000000)
  eden space 19968K, 0% used [0x00000000d5580000,0x00000000d5580000,0x00000000d6900000)
  from space 512K, 93% used [0x00000000d6c00000,0x00000000d6c78010,0x00000000d6c80000)
  to   space 1536K, 0% used [0x00000000d6980000,0x00000000d6980000,0x00000000d6b00000)
 ParOldGen       total 152064K, used 151837K [0x0000000080000000, 0x0000000089480000, 0x00000000d5580000)
  object space 152064K, 99% used [0x0000000080000000,0x0000000089447568,0x0000000089480000)
 Metaspace       used 84835K, committed 86528K, reserved 1179648K
  class space    used 9994K, committed 10752K, reserved 1048576K
}
Event: 28162.223 GC heap before
{Heap before GC invocations=106 (full 3):
 PSYoungGen      total 20480K, used 20447K [0x00000000d5580000, 0x00000000d6c80000, 0x0000000100000000)
  eden space 19968K, 99% used [0x00000000d5580000,0x00000000d68fffd8,0x00000000d6900000)
  from space 512K, 93% used [0x00000000d6c00000,0x00000000d6c78010,0x00000000d6c80000)
  to   space 1536K, 0% used [0x00000000d6980000,0x00000000d6980000,0x00000000d6b00000)
 ParOldGen       total 152064K, used 151837K [0x0000000080000000, 0x0000000089480000, 0x00000000d5580000)
  object space 152064K, 99% used [0x0000000080000000,0x0000000089447568,0x0000000089480000)
 Metaspace       used 84839K, committed 86528K, reserved 1179648K
  class space    used 9994K, committed 10752K, reserved 1048576K
}
Event: 28162.231 GC heap after
{Heap after GC invocations=106 (full 3):
 PSYoungGen      total 21504K, used 1507K [0x00000000d5580000, 0x00000000d7200000, 0x0000000100000000)
  eden space 19968K, 0% used [0x00000000d5580000,0x00000000d5580000,0x00000000d6900000)
  from space 1536K, 98% used [0x00000000d6980000,0x00000000d6af8f18,0x00000000d6b00000)
  to   space 4608K, 0% used [0x00000000d6d80000,0x00000000d6d80000,0x00000000d7200000)
 ParOldGen       total 154624K, used 154129K [0x0000000080000000, 0x0000000089700000, 0x00000000d5580000)
  object space 154624K, 99% used [0x0000000080000000,0x00000000896847e8,0x0000000089700000)
 Metaspace       used 84839K, committed 86528K, reserved 1179648K
  class space    used 9994K, committed 10752K, reserved 1048576K
}
Event: 28162.430 GC heap before
{Heap before GC invocations=107 (full 3):
 PSYoungGen      total 21504K, used 6298K [0x00000000d5580000, 0x00000000d7200000, 0x0000000100000000)
  eden space 19968K, 23% used [0x00000000d5580000,0x00000000d5a2dad0,0x00000000d6900000)
  from space 1536K, 98% used [0x00000000d6980000,0x00000000d6af8f18,0x00000000d6b00000)
  to   space 4608K, 0% used [0x00000000d6d80000,0x00000000d6d80000,0x00000000d7200000)
 ParOldGen       total 154624K, used 154129K [0x0000000080000000, 0x0000000089700000, 0x00000000d5580000)
  object space 154624K, 99% used [0x0000000080000000,0x00000000896847e8,0x0000000089700000)
 Metaspace       used 84839K, committed 86528K, reserved 1179648K
  class space    used 9994K, committed 10752K, reserved 1048576K
}
Event: 28162.434 GC heap after
{Heap after GC invocations=107 (full 3):
 PSYoungGen      total 20480K, used 160K [0x00000000d5580000, 0x00000000d6e00000, 0x0000000100000000)
  eden space 19968K, 0% used [0x00000000d5580000,0x00000000d5580000,0x00000000d6900000)
  from space 512K, 31% used [0x00000000d6d80000,0x00000000d6da8000,0x00000000d6e00000)
  to   space 1536K, 0% used [0x00000000d6b00000,0x00000000d6b00000,0x00000000d6c80000)
 ParOldGen       total 154624K, used 154193K [0x0000000080000000, 0x0000000089700000, 0x00000000d5580000)
  object space 154624K, 99% used [0x0000000080000000,0x00000000896947e8,0x0000000089700000)
 Metaspace       used 84839K, committed 86528K, reserved 1179648K
  class space    used 9994K, committed 10752K, reserved 1048576K
}
Event: 28162.434 GC heap before
{Heap before GC invocations=108 (full 4):
 PSYoungGen      total 20480K, used 160K [0x00000000d5580000, 0x00000000d6e00000, 0x0000000100000000)
  eden space 19968K, 0% used [0x00000000d5580000,0x00000000d5580000,0x00000000d6900000)
  from space 512K, 31% used [0x00000000d6d80000,0x00000000d6da8000,0x00000000d6e00000)
  to   space 1536K, 0% used [0x00000000d6b00000,0x00000000d6b00000,0x00000000d6c80000)
 ParOldGen       total 154624K, used 154193K [0x0000000080000000, 0x0000000089700000, 0x00000000d5580000)
  object space 154624K, 99% used [0x0000000080000000,0x00000000896947e8,0x0000000089700000)
 Metaspace       used 84839K, committed 86528K, reserved 1179648K
  class space    used 9994K, committed 10752K, reserved 1048576K
}
Event: 28162.791 GC heap after
{Heap after GC invocations=108 (full 4):
 PSYoungGen      total 20480K, used 0K [0x00000000d5580000, 0x00000000d6e00000, 0x0000000100000000)
  eden space 19968K, 0% used [0x00000000d5580000,0x00000000d5580000,0x00000000d6900000)
  from space 512K, 0% used [0x00000000d6d80000,0x00000000d6d80000,0x00000000d6e00000)
  to   space 1536K, 0% used [0x00000000d6b00000,0x00000000d6b00000,0x00000000d6c80000)
 ParOldGen       total 154624K, used 102387K [0x0000000080000000, 0x0000000089700000, 0x00000000d5580000)
  object space 154624K, 66% used [0x0000000080000000,0x00000000863fcf50,0x0000000089700000)
 Metaspace       used 84094K, committed 86528K, reserved 1179648K
  class space    used 9826K, committed 10752K, reserved 1048576K
}
Event: 29144.395 GC heap before
{Heap before GC invocations=109 (full 4):
 PSYoungGen      total 20480K, used 19968K [0x00000000d5580000, 0x00000000d6e00000, 0x0000000100000000)
  eden space 19968K, 100% used [0x00000000d5580000,0x00000000d6900000,0x00000000d6900000)
  from space 512K, 0% used [0x00000000d6d80000,0x00000000d6d80000,0x00000000d6e00000)
  to   space 1536K, 0% used [0x00000000d6b00000,0x00000000d6b00000,0x00000000d6c80000)
 ParOldGen       total 154624K, used 102387K [0x0000000080000000, 0x0000000089700000, 0x00000000d5580000)
  object space 154624K, 66% used [0x0000000080000000,0x00000000863fcf50,0x0000000089700000)
 Metaspace       used 84119K, committed 86528K, reserved 1179648K
  class space    used 9833K, committed 10752K, reserved 1048576K
}
Event: 29144.399 GC heap after
{Heap after GC invocations=109 (full 4):
 PSYoungGen      total 21504K, used 288K [0x00000000d5580000, 0x00000000d6e00000, 0x0000000100000000)
  eden space 19968K, 0% used [0x00000000d5580000,0x00000000d5580000,0x00000000d6900000)
  from space 1536K, 18% used [0x00000000d6b00000,0x00000000d6b48000,0x00000000d6c80000)
  to   space 512K, 0% used [0x00000000d6d80000,0x00000000d6d80000,0x00000000d6e00000)
 ParOldGen       total 154624K, used 102387K [0x0000000080000000, 0x0000000089700000, 0x00000000d5580000)
  object space 154624K, 66% used [0x0000000080000000,0x00000000863fcf50,0x0000000089700000)
 Metaspace       used 84119K, committed 86528K, reserved 1179648K
  class space    used 9833K, committed 10752K, reserved 1048576K
}

