# JRE version: Java(TM) SE Runtime Environment (17.0.18+8) (build 17.0.18+8-LTS-264)
# Java VM: Java HotSpot(TM) 64-Bit Server VM (17.0.18+8-LTS-264, mixed mode, sharing, tiered, compressed oops, compressed class ptrs, g1 gc, windows-amd64)
GC Precious Log:
 CPUs: 12 total, 12 available
 Memory: 16091M
 Large Page Support: Disabled
 NUMA Support: Disabled
 Compressed Oops: Enabled (Zero based)
 Heap Region Size: 2M
 Heap Min Capacity: 8M
 Heap Initial Capacity: 252M
 Heap Max Capacity: 4G
 Pre-touch: Disabled
 Parallel Workers: 10
 Concurrent Workers: 3
 Concurrent Refinement Workers: 10
 Periodic GC: Disabled
Heap:
 garbage-first heap   total 405504K, used 215700K [0x0000000700000000, 0x0000000800000000)
  region size 2048K, 5 young (10240K), 5 survivors (10240K)
 Metaspace       used 210142K, committed 211712K, reserved 622592K
  class space    used 28019K, committed 28800K, reserved 425984K
GC Heap History (20 events):
Event: 796.463 GC heap after
{Heap after GC invocations=74 (full 0):
 garbage-first heap   total 405504K, used 201632K [0x0000000700000000, 0x0000000800000000)
  region size 2048K, 2 young (4096K), 2 survivors (4096K)
 Metaspace       used 174825K, committed 176192K, reserved 622592K
  class space    used 24183K, committed 24832K, reserved 425984K
}
Event: 797.921 GC heap before
{Heap before GC invocations=74 (full 0):
 garbage-first heap   total 405504K, used 324512K [0x0000000700000000, 0x0000000800000000)
  region size 2048K, 62 young (126976K), 2 survivors (4096K)
 Metaspace       used 180461K, committed 181760K, reserved 622592K
  class space    used 24776K, committed 25408K, reserved 425984K
}
Event: 797.927 GC heap after
{Heap after GC invocations=75 (full 0):
 garbage-first heap   total 405504K, used 211496K [0x0000000700000000, 0x0000000800000000)
  region size 2048K, 7 young (14336K), 7 survivors (14336K)
 Metaspace       used 180461K, committed 181760K, reserved 622592K
  class space    used 24776K, committed 25408K, reserved 425984K
}
Event: 799.693 GC heap before
{Heap before GC invocations=76 (full 0):
 garbage-first heap   total 405504K, used 328232K [0x0000000700000000, 0x0000000800000000)
  region size 2048K, 64 young (131072K), 7 survivors (14336K)
 Metaspace       used 193167K, committed 194560K, reserved 622592K
  class space    used 26068K, committed 26752K, reserved 425984K
}
Event: 799.702 GC heap after
{Heap after GC invocations=77 (full 0):
 garbage-first heap   total 405504K, used 220297K [0x0000000700000000, 0x0000000800000000)
  region size 2048K, 5 young (10240K), 5 survivors (10240K)
 Metaspace       used 193167K, committed 194560K, reserved 622592K
  class space    used 26068K, committed 26752K, reserved 425984K
}
Event: 799.822 GC heap before
{Heap before GC invocations=77 (full 0):
 garbage-first heap   total 405504K, used 228489K [0x0000000700000000, 0x0000000800000000)
  region size 2048K, 9 young (18432K), 5 survivors (10240K)
 Metaspace       used 194540K, committed 195904K, reserved 622592K
  class space    used 26193K, committed 26880K, reserved 425984K
}
Event: 799.828 GC heap after
{Heap after GC invocations=78 (full 0):
 garbage-first heap   total 405504K, used 218233K [0x0000000700000000, 0x0000000800000000)
  region size 2048K, 1 young (2048K), 1 survivors (2048K)
 Metaspace       used 194540K, committed 195904K, reserved 622592K
  class space    used 26193K, committed 26880K, reserved 425984K
}
Event: 801.356 GC heap before
{Heap before GC invocations=78 (full 0):
 garbage-first heap   total 405504K, used 332921K [0x0000000700000000, 0x0000000800000000)
  region size 2048K, 57 young (116736K), 1 survivors (2048K)
 Metaspace       used 203298K, committed 204800K, reserved 622592K
  class space    used 27112K, committed 27840K, reserved 425984K
}
Event: 801.362 GC heap after
{Heap after GC invocations=79 (full 0):
 garbage-first heap   total 405504K, used 218495K [0x0000000700000000, 0x0000000800000000)
  region size 2048K, 4 young (8192K), 4 survivors (8192K)
 Metaspace       used 203298K, committed 204800K, reserved 622592K
  class space    used 27112K, committed 27840K, reserved 425984K
}
Event: 803.941 GC heap before
{Heap before GC invocations=80 (full 0):
 garbage-first heap   total 405504K, used 333183K [0x0000000700000000, 0x0000000800000000)
  region size 2048K, 60 young (122880K), 4 survivors (8192K)
 Metaspace       used 208712K, committed 210240K, reserved 622592K
  class space    used 27865K, committed 28608K, reserved 425984K
}
Event: 803.948 GC heap after
{Heap after GC invocations=81 (full 0):
 garbage-first heap   total 405504K, used 224996K [0x0000000700000000, 0x0000000800000000)
  region size 2048K, 7 young (14336K), 7 survivors (14336K)
 Metaspace       used 208712K, committed 210240K, reserved 622592K
  class space    used 27865K, committed 28608K, reserved 425984K
}
Event: 803.953 GC heap before
{Heap before GC invocations=81 (full 0):
 garbage-first heap   total 405504K, used 229092K [0x0000000700000000, 0x0000000800000000)
  region size 2048K, 9 young (18432K), 7 survivors (14336K)
 Metaspace       used 208712K, committed 210240K, reserved 622592K
  class space    used 27865K, committed 28608K, reserved 425984K
}
Event: 803.960 GC heap after
{Heap after GC invocations=82 (full 0):
 garbage-first heap   total 405504K, used 222259K [0x0000000700000000, 0x0000000800000000)
  region size 2048K, 1 young (2048K), 1 survivors (2048K)
 Metaspace       used 208712K, committed 210240K, reserved 622592K
  class space    used 27865K, committed 28608K, reserved 425984K
}
Event: 1473.054 GC heap before
{Heap before GC invocations=82 (full 0):
 garbage-first heap   total 405504K, used 336947K [0x0000000700000000, 0x0000000800000000)
  region size 2048K, 57 young (116736K), 1 survivors (2048K)
 Metaspace       used 209084K, committed 210688K, reserved 622592K
  class space    used 27890K, committed 28672K, reserved 425984K
}
Event: 1473.059 GC heap after
{Heap after GC invocations=83 (full 0):
 garbage-first heap   total 405504K, used 227375K [0x0000000700000000, 0x0000000800000000)
  region size 2048K, 4 young (8192K), 4 survivors (8192K)
 Metaspace       used 209084K, committed 210688K, reserved 622592K
  class space    used 27890K, committed 28672K, reserved 425984K
}
Event: 1546.579 GC heap before
{Heap before GC invocations=84 (full 0):
 garbage-first heap   total 405504K, used 333871K [0x0000000700000000, 0x0000000800000000)
  region size 2048K, 58 young (118784K), 4 survivors (8192K)
 Metaspace       used 209534K, committed 211136K, reserved 622592K
  class space    used 27950K, committed 28736K, reserved 425984K
}
Event: 1546.587 GC heap after
{Heap after GC invocations=85 (full 0):
 garbage-first heap   total 405504K, used 233687K [0x0000000700000000, 0x0000000800000000)
  region size 2048K, 8 young (16384K), 8 survivors (16384K)
 Metaspace       used 209534K, committed 211136K, reserved 622592K
  class space    used 27950K, committed 28736K, reserved 425984K
}
Event: 1546.611 GC heap before
{Heap before GC invocations=85 (full 0):
 garbage-first heap   total 405504K, used 235735K [0x0000000700000000, 0x0000000800000000)
  region size 2048K, 9 young (18432K), 8 survivors (16384K)
 Metaspace       used 209708K, committed 211264K, reserved 622592K
  class space    used 27976K, committed 28736K, reserved 425984K
}
Event: 1546.623 GC heap after
{Heap after GC invocations=86 (full 0):
 garbage-first heap   total 405504K, used 207825K [0x0000000700000000, 0x0000000800000000)
  region size 2048K, 1 young (2048K), 1 survivors (2048K)
 Metaspace       used 209708K, committed 211264K, reserved 622592K
  class space    used 27976K, committed 28736K, reserved 425984K
}
Event: 1548.364 GC heap before
{Heap before GC invocations=86 (full 0):
 garbage-first heap   total 405504K, used 334801K [0x0000000700000000, 0x0000000800000000)
  region size 2048K, 63 young (129024K), 1 survivors (2048K)
 Metaspace       used 210142K, committed 211712K, reserved 622592K
  class space    used 28019K, committed 28800K, reserved 425984K
}

