# JRE version: OpenJDK Runtime Environment Temurin-21.0.10+7 (21.0.10+7) (build 21.0.10+7-LTS)
# Java VM: OpenJDK 64-Bit Server VM Temurin-21.0.10+7 (21.0.10+7-LTS, mixed mode, sharing, tiered, compressed oops, compressed class ptrs, g1 gc, windows-amd64)
GC Precious Log:
 CardTable entry size: 512
 Card Set container configuration: InlinePtr #cards 5 size 8 Array Of Cards #cards 12 size 40 Howl #buckets 4 coarsen threshold 1843 Howl Bitmap #cards 512 size 80 coarsen threshold 460 Card regions per heap region 1 cards per card region 2048
 CPUs: 12 total, 12 available
 Memory: 16091M
 Large Page Support: Disabled
 NUMA Support: Disabled
 Compressed Oops: Enabled (32-bit)
 Heap Region Size: 1M
 Heap Min Capacity: 8M
 Heap Initial Capacity: 252M
 Heap Max Capacity: 1536M
 Pre-touch: Disabled
 Parallel Workers: 10
 Concurrent Workers: 3
 Concurrent Refinement Workers: 10
 Periodic GC: Disabled
Heap:
 garbage-first heap   total 291840K, used 119416K [0x00000000a0000000, 0x0000000100000000)
  region size 1024K, 3 young (3072K), 3 survivors (3072K)
 Metaspace       used 113954K, committed 116032K, reserved 557056K
  class space    used 15015K, committed 16064K, reserved 425984K
GC Heap History (20 events):
Event: 48.677 GC heap after
{Heap after GC invocations=24 (full 0):
 garbage-first heap   total 144384K, used 81237K [0x00000000a0000000, 0x0000000100000000)
  region size 1024K, 8 young (8192K), 8 survivors (8192K)
 Metaspace       used 100999K, committed 102976K, reserved 557056K
  class space    used 13328K, committed 14272K, reserved 425984K
}
Event: 49.588 GC heap before
{Heap before GC invocations=24 (full 0):
 garbage-first heap   total 144384K, used 131413K [0x00000000a0000000, 0x0000000100000000)
  region size 1024K, 57 young (58368K), 8 survivors (8192K)
 Metaspace       used 103094K, committed 105088K, reserved 557056K
  class space    used 13515K, committed 14528K, reserved 425984K
}
Event: 49.594 GC heap after
{Heap after GC invocations=25 (full 0):
 garbage-first heap   total 147456K, used 87738K [0x00000000a0000000, 0x0000000100000000)
  region size 1024K, 7 young (7168K), 7 survivors (7168K)
 Metaspace       used 103094K, committed 105088K, reserved 557056K
  class space    used 13515K, committed 14528K, reserved 425984K
}
Event: 50.645 GC heap before
{Heap before GC invocations=26 (full 0):
 garbage-first heap   total 148480K, used 132794K [0x00000000a0000000, 0x0000000100000000)
  region size 1024K, 51 young (52224K), 7 survivors (7168K)
 Metaspace       used 108603K, committed 110720K, reserved 557056K
  class space    used 14426K, committed 15488K, reserved 425984K
}
Event: 50.650 GC heap after
{Heap after GC invocations=27 (full 0):
 garbage-first heap   total 148480K, used 91619K [0x00000000a0000000, 0x0000000100000000)
  region size 1024K, 4 young (4096K), 4 survivors (4096K)
 Metaspace       used 108603K, committed 110720K, reserved 557056K
  class space    used 14426K, committed 15488K, reserved 425984K
}
Event: 50.925 GC heap before
{Heap before GC invocations=27 (full 0):
 garbage-first heap   total 148480K, used 137699K [0x00000000a0000000, 0x0000000100000000)
  region size 1024K, 48 young (49152K), 4 survivors (4096K)
 Metaspace       used 108986K, committed 111104K, reserved 557056K
  class space    used 14464K, committed 15488K, reserved 425984K
}
Event: 50.932 GC heap after
{Heap after GC invocations=28 (full 0):
 garbage-first heap   total 148480K, used 95696K [0x00000000a0000000, 0x0000000100000000)
  region size 1024K, 6 young (6144K), 6 survivors (6144K)
 Metaspace       used 108986K, committed 111104K, reserved 557056K
  class space    used 14464K, committed 15488K, reserved 425984K
}
Event: 51.893 GC heap before
{Heap before GC invocations=28 (full 0):
 garbage-first heap   total 148480K, used 136656K [0x00000000a0000000, 0x0000000100000000)
  region size 1024K, 46 young (47104K), 6 survivors (6144K)
 Metaspace       used 110764K, committed 112896K, reserved 557056K
  class space    used 14649K, committed 15680K, reserved 425984K
}
Event: 51.905 GC heap after
{Heap after GC invocations=29 (full 0):
 garbage-first heap   total 148480K, used 100561K [0x00000000a0000000, 0x0000000100000000)
  region size 1024K, 6 young (6144K), 6 survivors (6144K)
 Metaspace       used 110764K, committed 112896K, reserved 557056K
  class space    used 14649K, committed 15680K, reserved 425984K
}
Event: 53.099 GC heap before
{Heap before GC invocations=30 (full 0):
 garbage-first heap   total 163840K, used 133329K [0x00000000a0000000, 0x0000000100000000)
  region size 1024K, 41 young (41984K), 6 survivors (6144K)
 Metaspace       used 112792K, committed 114880K, reserved 557056K
  class space    used 14897K, committed 15936K, reserved 425984K
}
Event: 53.103 GC heap after
{Heap after GC invocations=31 (full 0):
 garbage-first heap   total 163840K, used 101950K [0x00000000a0000000, 0x0000000100000000)
  region size 1024K, 5 young (5120K), 5 survivors (5120K)
 Metaspace       used 112792K, committed 114880K, reserved 557056K
  class space    used 14897K, committed 15936K, reserved 425984K
}
Event: 53.374 GC heap before
{Heap before GC invocations=31 (full 0):
 garbage-first heap   total 163840K, used 148030K [0x00000000a0000000, 0x0000000100000000)
  region size 1024K, 51 young (52224K), 5 survivors (5120K)
 Metaspace       used 113535K, committed 115648K, reserved 557056K
  class space    used 14993K, committed 16064K, reserved 425984K
}
Event: 53.378 GC heap after
{Heap after GC invocations=32 (full 0):
 garbage-first heap   total 163840K, used 92509K [0x00000000a0000000, 0x0000000100000000)
  region size 1024K, 4 young (4096K), 4 survivors (4096K)
 Metaspace       used 113535K, committed 115648K, reserved 557056K
  class space    used 14993K, committed 16064K, reserved 425984K
}
Event: 53.568 GC heap before
{Heap before GC invocations=32 (full 0):
 garbage-first heap   total 163840K, used 146781K [0x00000000a0000000, 0x0000000100000000)
  region size 1024K, 58 young (59392K), 4 survivors (4096K)
 Metaspace       used 113717K, committed 115840K, reserved 557056K
  class space    used 14993K, committed 16064K, reserved 425984K
}
Event: 53.571 GC heap after
{Heap after GC invocations=33 (full 0):
 garbage-first heap   total 163840K, used 93976K [0x00000000a0000000, 0x0000000100000000)
  region size 1024K, 5 young (5120K), 5 survivors (5120K)
 Metaspace       used 113717K, committed 115840K, reserved 557056K
  class space    used 14993K, committed 16064K, reserved 425984K
}
Event: 53.852 GC heap before
{Heap before GC invocations=34 (full 0):
 garbage-first heap   total 163840K, used 157464K [0x00000000a0000000, 0x0000000100000000)
  region size 1024K, 60 young (61440K), 5 survivors (5120K)
 Metaspace       used 113878K, committed 115968K, reserved 557056K
  class space    used 15015K, committed 16064K, reserved 425984K
}
Event: 53.860 GC heap after
{Heap after GC invocations=35 (full 0):
 garbage-first heap   total 177152K, used 110134K [0x00000000a0000000, 0x0000000100000000)
  region size 1024K, 8 young (8192K), 8 survivors (8192K)
 Metaspace       used 113878K, committed 115968K, reserved 557056K
  class space    used 15015K, committed 16064K, reserved 425984K
}
Event: 54.155 GC heap before
{Heap before GC invocations=35 (full 0):
 garbage-first heap   total 177152K, used 167478K [0x00000000a0000000, 0x0000000100000000)
  region size 1024K, 54 young (55296K), 8 survivors (8192K)
 Metaspace       used 113932K, committed 116032K, reserved 557056K
  class space    used 15015K, committed 16064K, reserved 425984K
}
Event: 54.239 GC heap after
{Heap after GC invocations=36 (full 0):
 garbage-first heap   total 189440K, used 115999K [0x00000000a0000000, 0x0000000100000000)
  region size 1024K, 7 young (7168K), 7 survivors (7168K)
 Metaspace       used 113932K, committed 116032K, reserved 557056K
  class space    used 15015K, committed 16064K, reserved 425984K
}
Event: 54.317 GC heap before
{Heap before GC invocations=36 (full 0):
 garbage-first heap   total 189440K, used 121119K [0x00000000a0000000, 0x0000000100000000)
  region size 1024K, 13 young (13312K), 7 survivors (7168K)
 Metaspace       used 113954K, committed 116032K, reserved 557056K
  class space    used 15015K, committed 16064K, reserved 425984K
}

