# JRE version: Java(TM) SE Runtime Environment (17.0.18+8) (build 17.0.18+8-LTS-264)
# Java VM: Java HotSpot(TM) 64-Bit Server VM (17.0.18+8-LTS-264, mixed mode, sharing, tiered, compressed oops, compressed class ptrs, g1 gc, windows-amd64)
GC Precious Log:
 CPUs: 12 total, 12 available
 Memory: 16091M
 Large Page Support: Disabled
 NUMA Support: Disabled
 Compressed Oops: Enabled (32-bit)
 Heap Region Size: 1M
 Heap Min Capacity: 8M
 Heap Initial Capacity: 252M
 Heap Max Capacity: 512M
 Pre-touch: Disabled
 Parallel Workers: 10
 Concurrent Workers: 3
 Concurrent Refinement Workers: 10
 Periodic GC: Disabled
Heap:
 garbage-first heap   total 126976K, used 89900K [0x00000000e0000000, 0x0000000100000000)
  region size 1024K, 20 young (20480K), 2 survivors (2048K)
 Metaspace       used 52511K, committed 55168K, reserved 1114112K
  class space    used 4919K, committed 6208K, reserved 1048576K
GC Heap History (20 events):
Event: 7.053 GC heap before
{Heap before GC invocations=10 (full 0):
 garbage-first heap   total 99328K, used 75586K [0x00000000e0000000, 0x0000000100000000)
  region size 1024K, 18 young (18432K), 1 survivors (1024K)
 Metaspace       used 34767K, committed 36160K, reserved 1114112K
  class space    used 3207K, committed 3840K, reserved 1048576K
}
Event: 7.055 GC heap after
{Heap after GC invocations=11 (full 0):
 garbage-first heap   total 99328K, used 59146K [0x00000000e0000000, 0x0000000100000000)
  region size 1024K, 2 young (2048K), 2 survivors (2048K)
 Metaspace       used 34767K, committed 36160K, reserved 1114112K
  class space    used 3207K, committed 3840K, reserved 1048576K
}
Event: 7.319 GC heap before
{Heap before GC invocations=12 (full 0):
 garbage-first heap   total 104448K, used 79626K [0x00000000e0000000, 0x0000000100000000)
  region size 1024K, 20 young (20480K), 2 survivors (2048K)
 Metaspace       used 37425K, committed 39488K, reserved 1114112K
  class space    used 3596K, committed 4544K, reserved 1048576K
}
Event: 7.322 GC heap after
{Heap after GC invocations=13 (full 0):
 garbage-first heap   total 104448K, used 63504K [0x00000000e0000000, 0x0000000100000000)
  region size 1024K, 3 young (3072K), 3 survivors (3072K)
 Metaspace       used 37425K, committed 39488K, reserved 1114112K
  class space    used 3596K, committed 4544K, reserved 1048576K
}
Event: 7.526 GC heap before
{Heap before GC invocations=13 (full 0):
 garbage-first heap   total 104448K, used 77840K [0x00000000e0000000, 0x0000000100000000)
  region size 1024K, 19 young (19456K), 3 survivors (3072K)
 Metaspace       used 39428K, committed 41792K, reserved 1114112K
  class space    used 3863K, committed 4928K, reserved 1048576K
}
Event: 7.529 GC heap after
{Heap after GC invocations=14 (full 0):
 garbage-first heap   total 104448K, used 65738K [0x00000000e0000000, 0x0000000100000000)
  region size 1024K, 3 young (3072K), 3 survivors (3072K)
 Metaspace       used 39428K, committed 41792K, reserved 1114112K
  class space    used 3863K, committed 4928K, reserved 1048576K
}
Event: 7.771 GC heap before
{Heap before GC invocations=15 (full 0):
 garbage-first heap   total 116736K, used 82122K [0x00000000e0000000, 0x0000000100000000)
  region size 1024K, 19 young (19456K), 3 survivors (3072K)
 Metaspace       used 43119K, committed 45504K, reserved 1114112K
  class space    used 4106K, committed 5184K, reserved 1048576K
}
Event: 7.772 GC heap after
{Heap after GC invocations=16 (full 0):
 garbage-first heap   total 116736K, used 66198K [0x00000000e0000000, 0x0000000100000000)
  region size 1024K, 1 young (1024K), 1 survivors (1024K)
 Metaspace       used 43119K, committed 45504K, reserved 1114112K
  class space    used 4106K, committed 5184K, reserved 1048576K
}
Event: 8.124 GC heap before
{Heap before GC invocations=16 (full 0):
 garbage-first heap   total 116736K, used 90774K [0x00000000e0000000, 0x0000000100000000)
  region size 1024K, 26 young (26624K), 1 survivors (1024K)
 Metaspace       used 48073K, committed 50624K, reserved 1114112K
  class space    used 4497K, committed 5696K, reserved 1048576K
}
Event: 8.127 GC heap after
{Heap after GC invocations=17 (full 0):
 garbage-first heap   total 116736K, used 67631K [0x00000000e0000000, 0x0000000100000000)
  region size 1024K, 3 young (3072K), 3 survivors (3072K)
 Metaspace       used 48073K, committed 50624K, reserved 1114112K
  class space    used 4497K, committed 5696K, reserved 1048576K
}
Event: 8.439 GC heap before
{Heap before GC invocations=18 (full 0):
 garbage-first heap   total 117760K, used 92207K [0x00000000e0000000, 0x0000000100000000)
  region size 1024K, 28 young (28672K), 3 survivors (3072K)
 Metaspace       used 49919K, committed 52480K, reserved 1114112K
  class space    used 4659K, committed 5888K, reserved 1048576K
}
Event: 8.442 GC heap after
{Heap after GC invocations=19 (full 0):
 garbage-first heap   total 117760K, used 70010K [0x00000000e0000000, 0x0000000100000000)
  region size 1024K, 4 young (4096K), 4 survivors (4096K)
 Metaspace       used 49919K, committed 52480K, reserved 1114112K
  class space    used 4659K, committed 5888K, reserved 1048576K
}
Event: 8.684 GC heap before
{Heap before GC invocations=19 (full 0):
 garbage-first heap   total 117760K, used 95610K [0x00000000e0000000, 0x0000000100000000)
  region size 1024K, 29 young (29696K), 4 survivors (4096K)
 Metaspace       used 50569K, committed 53248K, reserved 1114112K
  class space    used 4725K, committed 6016K, reserved 1048576K
}
Event: 8.687 GC heap after
{Heap after GC invocations=20 (full 0):
 garbage-first heap   total 117760K, used 70991K [0x00000000e0000000, 0x0000000100000000)
  region size 1024K, 3 young (3072K), 3 survivors (3072K)
 Metaspace       used 50569K, committed 53248K, reserved 1114112K
  class space    used 4725K, committed 6016K, reserved 1048576K
}
Event: 9.007 GC heap before
{Heap before GC invocations=21 (full 0):
 garbage-first heap   total 122880K, used 95567K [0x00000000e0000000, 0x0000000100000000)
  region size 1024K, 27 young (27648K), 3 survivors (3072K)
 Metaspace       used 50914K, committed 53568K, reserved 1114112K
  class space    used 4748K, committed 6016K, reserved 1048576K
}
Event: 9.009 GC heap after
{Heap after GC invocations=22 (full 0):
 garbage-first heap   total 122880K, used 71361K [0x00000000e0000000, 0x0000000100000000)
  region size 1024K, 3 young (3072K), 3 survivors (3072K)
 Metaspace       used 50914K, committed 53568K, reserved 1114112K
  class space    used 4748K, committed 6016K, reserved 1048576K
}
Event: 10.263 GC heap before
{Heap before GC invocations=22 (full 0):
 garbage-first heap   total 122880K, used 85697K [0x00000000e0000000, 0x0000000100000000)
  region size 1024K, 18 young (18432K), 3 survivors (3072K)
 Metaspace       used 51321K, committed 54016K, reserved 1114112K
  class space    used 4787K, committed 6080K, reserved 1048576K
}
Event: 10.265 GC heap after
{Heap after GC invocations=23 (full 0):
 garbage-first heap   total 122880K, used 71269K [0x00000000e0000000, 0x0000000100000000)
  region size 1024K, 3 young (3072K), 3 survivors (3072K)
 Metaspace       used 51321K, committed 54016K, reserved 1114112K
  class space    used 4787K, committed 6080K, reserved 1048576K
}
Event: 10.319 GC heap before
{Heap before GC invocations=24 (full 0):
 garbage-first heap   total 126976K, used 73317K [0x00000000e0000000, 0x0000000100000000)
  region size 1024K, 4 young (4096K), 3 survivors (3072K)
 Metaspace       used 51350K, committed 54016K, reserved 1114112K
  class space    used 4789K, committed 6080K, reserved 1048576K
}
Event: 10.321 GC heap after
{Heap after GC invocations=25 (full 0):
 garbage-first heap   total 126976K, used 70444K [0x00000000e0000000, 0x0000000100000000)
  region size 1024K, 2 young (2048K), 2 survivors (2048K)
 Metaspace       used 51350K, committed 54016K, reserved 1114112K
  class space    used 4789K, committed 6080K, reserved 1048576K
}

